[0.000000] (-) TimerEvent: {}
[0.000409] (inspection_mission) JobQueued: {'identifier': 'inspection_mission', 'dependencies': OrderedDict()}
[0.000454] (inspection_thermal) JobQueued: {'identifier': 'inspection_thermal', 'dependencies': OrderedDict()}
[0.000469] (inspection_mission) JobStarted: {'identifier': 'inspection_mission'}
[0.008878] (inspection_thermal) JobStarted: {'identifier': 'inspection_thermal'}
[0.099661] (-) TimerEvent: {}
[0.199861] (-) TimerEvent: {}
[0.300095] (-) TimerEvent: {}
[0.400234] (-) TimerEvent: {}
[0.500424] (-) TimerEvent: {}
[0.600574] (-) TimerEvent: {}
[0.700712] (-) TimerEvent: {}
[0.800862] (-) TimerEvent: {}
[0.901204] (-) TimerEvent: {}
[1.001333] (-) TimerEvent: {}
[1.102873] (-) TimerEvent: {}
[1.163052] (inspection_mission) StderrLine: {'line': b'Traceback (most recent call last):\n  File "/usr/lib/python3/dist-packages/colcon_core/executor/__init__.py", line 91, in __call__\n    rc = await self.task(*args, **kwargs)\n         ^^^^^^^^^^^^^^^^^^^^^^^^^^^^^^^^\n  File "/usr/lib/python3/dist-packages/colcon_core/task/__init__.py", line 93, in __call__\n    return await task_method(*args, **kwargs)\n           ^^^^^^^^^^^^^^^^^^^^^^^^^^^^^^^^^^\n  File "/usr/lib/python3/dist-packages/colcon_ros/task/ament_python/build.py", line 102, in build\n    return await extension.build(additional_hooks=additional_hooks)\n           ^^^^^^^^^^^^^^^^^^^^^^^^^^^^^^^^^^^^^^^^^^^^^^^^^^^^^^^^\n  File "/usr/lib/python3/dist-packages/colcon_core/task/python/build.py", line 145, in build\n    temp_symlinks = self._symlinks_in_build(args, setup_py_data)\n                    ^^^^^^^^^^^^^^^^^^^^^^^^^^^^^^^^^^^^^^^^^^^^\n  File "/usr/lib/python3/dist-packages/colcon_core/task/python/build.py", line 319, in _symlinks_in_build\n    raise RuntimeError(\nRuntimeError: Provided py_modules \'mission_node.py\' does not exist\n'}
[1.164149] (inspection_mission) JobEnded: {'identifier': 'inspection_mission', 'rc': 1}
[1.164431] (inspection_thermal) JobEnded: {'identifier': 'inspection_thermal', 'rc': 'SIGINT'}
[1.173538] (-) EventReactorShutdown: {}
