[0.239s] DEBUG:colcon:Command line arguments: ['/usr/bin/colcon', 'build', '--symlink-install']
[0.239s] DEBUG:colcon:Parsed command line arguments: Namespace(log_base=None, log_level=None, verb_name='build', build_base='build', install_base='install', merge_install=False, symlink_install=True, test_result_base=None, continue_on_error=False, executor='parallel', parallel_workers=2, event_handlers=None, ignore_user_meta=False, metas=['./colcon.meta'], base_paths=['.'], packages_ignore=None, packages_ignore_regex=None, paths=None, packages_up_to=None, packages_up_to_regex=None, packages_above=None, packages_above_and_dependencies=None, packages_above_depth=None, packages_select_by_dep=None, packages_skip_by_dep=None, packages_skip_up_to=None, packages_select_build_failed=False, packages_skip_build_finished=False, packages_select_test_failures=False, packages_skip_test_passed=False, packages_select=None, packages_skip=None, packages_select_regex=None, packages_skip_regex=None, packages_start=None, packages_end=None, allow_overriding=[], cmake_args=None, cmake_target=None, cmake_target_skip_unavailable=False, cmake_clean_cache=False, cmake_clean_first=False, cmake_force_configure=False, ament_cmake_args=None, catkin_cmake_args=None, catkin_skip_building_tests=False, mixin_files=None, mixin=None, verb_parser=<colcon_mixin.mixin.mixin_argument.MixinArgumentDecorator object at 0x704f45a8a600>, verb_extension=<colcon_core.verb.build.BuildVerb object at 0x704f45bdd340>, main=<bound method BuildVerb.main of <colcon_core.verb.build.BuildVerb object at 0x704f45bdd340>>, mixin_verb=('build',))
[0.279s] Level 1:colcon.colcon_core.package_discovery:discover_packages(colcon_meta) check parameters
[0.279s] Level 1:colcon.colcon_core.package_discovery:discover_packages(recursive) check parameters
[0.279s] Level 1:colcon.colcon_core.package_discovery:discover_packages(ignore) check parameters
[0.279s] Level 1:colcon.colcon_core.package_discovery:discover_packages(path) check parameters
[0.279s] Level 1:colcon.colcon_core.package_discovery:discover_packages(colcon_meta) discover
[0.279s] Level 1:colcon.colcon_core.package_discovery:discover_packages(recursive) discover
[0.279s] INFO:colcon.colcon_core.package_discovery:Crawling recursively for packages in '/home/vincent/gz/ws_inspect'
[0.280s] Level 1:colcon.colcon_core.package_identification:_identify(.) by extensions ['ignore', 'ignore_ament_install']
[0.280s] Level 1:colcon.colcon_core.package_identification:_identify(.) by extension 'ignore'
[0.280s] Level 1:colcon.colcon_core.package_identification:_identify(.) by extension 'ignore_ament_install'
[0.280s] Level 1:colcon.colcon_core.package_identification:_identify(.) by extensions ['colcon_pkg']
[0.280s] Level 1:colcon.colcon_core.package_identification:_identify(.) by extension 'colcon_pkg'
[0.280s] Level 1:colcon.colcon_core.package_identification:_identify(.) by extensions ['colcon_meta']
[0.280s] Level 1:colcon.colcon_core.package_identification:_identify(.) by extension 'colcon_meta'
[0.280s] Level 1:colcon.colcon_core.package_identification:_identify(.) by extensions ['ros']
[0.280s] Level 1:colcon.colcon_core.package_identification:_identify(.) by extension 'ros'
[0.315s] Level 1:colcon.colcon_core.package_identification:_identify(.) by extensions ['cmake', 'python']
[0.315s] Level 1:colcon.colcon_core.package_identification:_identify(.) by extension 'cmake'
[0.315s] Level 1:colcon.colcon_core.package_identification:_identify(.) by extension 'python'
[0.315s] Level 1:colcon.colcon_core.package_identification:_identify(.) by extensions ['python_setup_py']
[0.315s] Level 1:colcon.colcon_core.package_identification:_identify(.) by extension 'python_setup_py'
[0.315s] Level 1:colcon.colcon_core.package_identification:_identify(build) by extensions ['ignore', 'ignore_ament_install']
[0.315s] Level 1:colcon.colcon_core.package_identification:_identify(build) by extension 'ignore'
[0.316s] Level 1:colcon.colcon_core.package_identification:_identify(build) ignored
[0.316s] Level 1:colcon.colcon_core.package_identification:_identify(install) by extensions ['ignore', 'ignore_ament_install']
[0.316s] Level 1:colcon.colcon_core.package_identification:_identify(install) by extension 'ignore'
[0.316s] Level 1:colcon.colcon_core.package_identification:_identify(install) ignored
[0.316s] Level 1:colcon.colcon_core.package_identification:_identify(log) by extensions ['ignore', 'ignore_ament_install']
[0.316s] Level 1:colcon.colcon_core.package_identification:_identify(log) by extension 'ignore'
[0.316s] Level 1:colcon.colcon_core.package_identification:_identify(log) ignored
[0.316s] Level 1:colcon.colcon_core.package_identification:_identify(src) by extensions ['ignore', 'ignore_ament_install']
[0.316s] Level 1:colcon.colcon_core.package_identification:_identify(src) by extension 'ignore'
[0.316s] Level 1:colcon.colcon_core.package_identification:_identify(src) by extension 'ignore_ament_install'
[0.316s] Level 1:colcon.colcon_core.package_identification:_identify(src) by extensions ['colcon_pkg']
[0.316s] Level 1:colcon.colcon_core.package_identification:_identify(src) by extension 'colcon_pkg'
[0.316s] Level 1:colcon.colcon_core.package_identification:_identify(src) by extensions ['colcon_meta']
[0.316s] Level 1:colcon.colcon_core.package_identification:_identify(src) by extension 'colcon_meta'
[0.316s] Level 1:colcon.colcon_core.package_identification:_identify(src) by extensions ['ros']
[0.316s] Level 1:colcon.colcon_core.package_identification:_identify(src) by extension 'ros'
[0.316s] Level 1:colcon.colcon_core.package_identification:_identify(src) by extensions ['cmake', 'python']
[0.316s] Level 1:colcon.colcon_core.package_identification:_identify(src) by extension 'cmake'
[0.317s] Level 1:colcon.colcon_core.package_identification:_identify(src) by extension 'python'
[0.317s] Level 1:colcon.colcon_core.package_identification:_identify(src) by extensions ['python_setup_py']
[0.317s] Level 1:colcon.colcon_core.package_identification:_identify(src) by extension 'python_setup_py'
[0.317s] Level 1:colcon.colcon_core.package_identification:_identify(src/inspection_bringup) by extensions ['ignore', 'ignore_ament_install']
[0.317s] Level 1:colcon.colcon_core.package_identification:_identify(src/inspection_bringup) by extension 'ignore'
[0.317s] Level 1:colcon.colcon_core.package_identification:_identify(src/inspection_bringup) by extension 'ignore_ament_install'
[0.317s] Level 1:colcon.colcon_core.package_identification:_identify(src/inspection_bringup) by extensions ['colcon_pkg']
[0.317s] Level 1:colcon.colcon_core.package_identification:_identify(src/inspection_bringup) by extension 'colcon_pkg'
[0.317s] Level 1:colcon.colcon_core.package_identification:_identify(src/inspection_bringup) by extensions ['colcon_meta']
[0.317s] Level 1:colcon.colcon_core.package_identification:_identify(src/inspection_bringup) by extension 'colcon_meta'
[0.317s] Level 1:colcon.colcon_core.package_identification:_identify(src/inspection_bringup) by extensions ['ros']
[0.317s] Level 1:colcon.colcon_core.package_identification:_identify(src/inspection_bringup) by extension 'ros'
[0.317s] Level 1:colcon.colcon_core.package_identification:_identify(src/inspection_bringup) by extensions ['cmake', 'python']
[0.317s] Level 1:colcon.colcon_core.package_identification:_identify(src/inspection_bringup) by extension 'cmake'
[0.317s] Level 1:colcon.colcon_core.package_identification:_identify(src/inspection_bringup) by extension 'python'
[0.317s] Level 1:colcon.colcon_core.package_identification:_identify(src/inspection_bringup) by extensions ['python_setup_py']
[0.317s] Level 1:colcon.colcon_core.package_identification:_identify(src/inspection_bringup) by extension 'python_setup_py'
[0.317s] Level 1:colcon.colcon_core.package_identification:_identify(src/inspection_bringup/config) by extensions ['ignore', 'ignore_ament_install']
[0.317s] Level 1:colcon.colcon_core.package_identification:_identify(src/inspection_bringup/config) by extension 'ignore'
[0.317s] Level 1:colcon.colcon_core.package_identification:_identify(src/inspection_bringup/config) by extension 'ignore_ament_install'
[0.318s] Level 1:colcon.colcon_core.package_identification:_identify(src/inspection_bringup/config) by extensions ['colcon_pkg']
[0.318s] Level 1:colcon.colcon_core.package_identification:_identify(src/inspection_bringup/config) by extension 'colcon_pkg'
[0.318s] Level 1:colcon.colcon_core.package_identification:_identify(src/inspection_bringup/config) by extensions ['colcon_meta']
[0.318s] Level 1:colcon.colcon_core.package_identification:_identify(src/inspection_bringup/config) by extension 'colcon_meta'
[0.318s] Level 1:colcon.colcon_core.package_identification:_identify(src/inspection_bringup/config) by extensions ['ros']
[0.318s] Level 1:colcon.colcon_core.package_identification:_identify(src/inspection_bringup/config) by extension 'ros'
[0.318s] Level 1:colcon.colcon_core.package_identification:_identify(src/inspection_bringup/config) by extensions ['cmake', 'python']
[0.318s] Level 1:colcon.colcon_core.package_identification:_identify(src/inspection_bringup/config) by extension 'cmake'
[0.318s] Level 1:colcon.colcon_core.package_identification:_identify(src/inspection_bringup/config) by extension 'python'
[0.318s] Level 1:colcon.colcon_core.package_identification:_identify(src/inspection_bringup/config) by extensions ['python_setup_py']
[0.318s] Level 1:colcon.colcon_core.package_identification:_identify(src/inspection_bringup/config) by extension 'python_setup_py'
[0.318s] Level 1:colcon.colcon_core.package_identification:_identify(src/inspection_bringup/launch) by extensions ['ignore', 'ignore_ament_install']
[0.318s] Level 1:colcon.colcon_core.package_identification:_identify(src/inspection_bringup/launch) by extension 'ignore'
[0.318s] Level 1:colcon.colcon_core.package_identification:_identify(src/inspection_bringup/launch) by extension 'ignore_ament_install'
[0.318s] Level 1:colcon.colcon_core.package_identification:_identify(src/inspection_bringup/launch) by extensions ['colcon_pkg']
[0.318s] Level 1:colcon.colcon_core.package_identification:_identify(src/inspection_bringup/launch) by extension 'colcon_pkg'
[0.318s] Level 1:colcon.colcon_core.package_identification:_identify(src/inspection_bringup/launch) by extensions ['colcon_meta']
[0.318s] Level 1:colcon.colcon_core.package_identification:_identify(src/inspection_bringup/launch) by extension 'colcon_meta'
[0.318s] Level 1:colcon.colcon_core.package_identification:_identify(src/inspection_bringup/launch) by extensions ['ros']
[0.318s] Level 1:colcon.colcon_core.package_identification:_identify(src/inspection_bringup/launch) by extension 'ros'
[0.318s] Level 1:colcon.colcon_core.package_identification:_identify(src/inspection_bringup/launch) by extensions ['cmake', 'python']
[0.319s] Level 1:colcon.colcon_core.package_identification:_identify(src/inspection_bringup/launch) by extension 'cmake'
[0.319s] Level 1:colcon.colcon_core.package_identification:_identify(src/inspection_bringup/launch) by extension 'python'
[0.319s] Level 1:colcon.colcon_core.package_identification:_identify(src/inspection_bringup/launch) by extensions ['python_setup_py']
[0.319s] Level 1:colcon.colcon_core.package_identification:_identify(src/inspection_bringup/launch) by extension 'python_setup_py'
[0.319s] Level 1:colcon.colcon_core.package_identification:_identify(src/inspection_mission) by extensions ['ignore', 'ignore_ament_install']
[0.319s] Level 1:colcon.colcon_core.package_identification:_identify(src/inspection_mission) by extension 'ignore'
[0.319s] Level 1:colcon.colcon_core.package_identification:_identify(src/inspection_mission) by extension 'ignore_ament_install'
[0.319s] Level 1:colcon.colcon_core.package_identification:_identify(src/inspection_mission) by extensions ['colcon_pkg']
[0.319s] Level 1:colcon.colcon_core.package_identification:_identify(src/inspection_mission) by extension 'colcon_pkg'
[0.319s] Level 1:colcon.colcon_core.package_identification:_identify(src/inspection_mission) by extensions ['colcon_meta']
[0.319s] Level 1:colcon.colcon_core.package_identification:_identify(src/inspection_mission) by extension 'colcon_meta'
[0.319s] Level 1:colcon.colcon_core.package_identification:_identify(src/inspection_mission) by extensions ['ros']
[0.319s] Level 1:colcon.colcon_core.package_identification:_identify(src/inspection_mission) by extension 'ros'
[0.323s] DEBUG:colcon.colcon_core.package_identification:Package 'src/inspection_mission' with type 'ros.ament_python' and name 'inspection_mission'
[0.323s] Level 1:colcon.colcon_core.package_identification:_identify(src/inspection_thermal) by extensions ['ignore', 'ignore_ament_install']
[0.323s] Level 1:colcon.colcon_core.package_identification:_identify(src/inspection_thermal) by extension 'ignore'
[0.323s] Level 1:colcon.colcon_core.package_identification:_identify(src/inspection_thermal) by extension 'ignore_ament_install'
[0.323s] Level 1:colcon.colcon_core.package_identification:_identify(src/inspection_thermal) by extensions ['colcon_pkg']
[0.323s] Level 1:colcon.colcon_core.package_identification:_identify(src/inspection_thermal) by extension 'colcon_pkg'
[0.323s] Level 1:colcon.colcon_core.package_identification:_identify(src/inspection_thermal) by extensions ['colcon_meta']
[0.323s] Level 1:colcon.colcon_core.package_identification:_identify(src/inspection_thermal) by extension 'colcon_meta'
[0.323s] Level 1:colcon.colcon_core.package_identification:_identify(src/inspection_thermal) by extensions ['ros']
[0.323s] Level 1:colcon.colcon_core.package_identification:_identify(src/inspection_thermal) by extension 'ros'
[0.324s] DEBUG:colcon.colcon_core.package_identification:Package 'src/inspection_thermal' with type 'ros.ament_python' and name 'inspection_thermal'
[0.324s] Level 1:colcon.colcon_core.package_identification:_identify(src/sim_world_assets) by extensions ['ignore', 'ignore_ament_install']
[0.324s] Level 1:colcon.colcon_core.package_identification:_identify(src/sim_world_assets) by extension 'ignore'
[0.324s] Level 1:colcon.colcon_core.package_identification:_identify(src/sim_world_assets) by extension 'ignore_ament_install'
[0.324s] Level 1:colcon.colcon_core.package_identification:_identify(src/sim_world_assets) by extensions ['colcon_pkg']
[0.324s] Level 1:colcon.colcon_core.package_identification:_identify(src/sim_world_assets) by extension 'colcon_pkg'
[0.324s] Level 1:colcon.colcon_core.package_identification:_identify(src/sim_world_assets) by extensions ['colcon_meta']
[0.324s] Level 1:colcon.colcon_core.package_identification:_identify(src/sim_world_assets) by extension 'colcon_meta'
[0.324s] Level 1:colcon.colcon_core.package_identification:_identify(src/sim_world_assets) by extensions ['ros']
[0.324s] Level 1:colcon.colcon_core.package_identification:_identify(src/sim_world_assets) by extension 'ros'
[0.324s] Level 1:colcon.colcon_core.package_identification:_identify(src/sim_world_assets) by extensions ['cmake', 'python']
[0.324s] Level 1:colcon.colcon_core.package_identification:_identify(src/sim_world_assets) by extension 'cmake'
[0.324s] Level 1:colcon.colcon_core.package_identification:_identify(src/sim_world_assets) by extension 'python'
[0.324s] Level 1:colcon.colcon_core.package_identification:_identify(src/sim_world_assets) by extensions ['python_setup_py']
[0.324s] Level 1:colcon.colcon_core.package_identification:_identify(src/sim_world_assets) by extension 'python_setup_py'
[0.324s] Level 1:colcon.colcon_core.package_identification:_identify(src/sim_world_assets/models) by extensions ['ignore', 'ignore_ament_install']
[0.324s] Level 1:colcon.colcon_core.package_identification:_identify(src/sim_world_assets/models) by extension 'ignore'
[0.324s] Level 1:colcon.colcon_core.package_identification:_identify(src/sim_world_assets/models) by extension 'ignore_ament_install'
[0.325s] Level 1:colcon.colcon_core.package_identification:_identify(src/sim_world_assets/models) by extensions ['colcon_pkg']
[0.325s] Level 1:colcon.colcon_core.package_identification:_identify(src/sim_world_assets/models) by extension 'colcon_pkg'
[0.325s] Level 1:colcon.colcon_core.package_identification:_identify(src/sim_world_assets/models) by extensions ['colcon_meta']
[0.325s] Level 1:colcon.colcon_core.package_identification:_identify(src/sim_world_assets/models) by extension 'colcon_meta'
[0.325s] Level 1:colcon.colcon_core.package_identification:_identify(src/sim_world_assets/models) by extensions ['ros']
[0.325s] Level 1:colcon.colcon_core.package_identification:_identify(src/sim_world_assets/models) by extension 'ros'
[0.325s] Level 1:colcon.colcon_core.package_identification:_identify(src/sim_world_assets/models) by extensions ['cmake', 'python']
[0.325s] Level 1:colcon.colcon_core.package_identification:_identify(src/sim_world_assets/models) by extension 'cmake'
[0.325s] Level 1:colcon.colcon_core.package_identification:_identify(src/sim_world_assets/models) by extension 'python'
[0.325s] Level 1:colcon.colcon_core.package_identification:_identify(src/sim_world_assets/models) by extensions ['python_setup_py']
[0.325s] Level 1:colcon.colcon_core.package_identification:_identify(src/sim_world_assets/models) by extension 'python_setup_py'
[0.325s] Level 1:colcon.colcon_core.package_identification:_identify(src/sim_world_assets/models/hot_target) by extensions ['ignore', 'ignore_ament_install']
[0.325s] Level 1:colcon.colcon_core.package_identification:_identify(src/sim_world_assets/models/hot_target) by extension 'ignore'
[0.325s] Level 1:colcon.colcon_core.package_identification:_identify(src/sim_world_assets/models/hot_target) by extension 'ignore_ament_install'
[0.325s] Level 1:colcon.colcon_core.package_identification:_identify(src/sim_world_assets/models/hot_target) by extensions ['colcon_pkg']
[0.325s] Level 1:colcon.colcon_core.package_identification:_identify(src/sim_world_assets/models/hot_target) by extension 'colcon_pkg'
[0.325s] Level 1:colcon.colcon_core.package_identification:_identify(src/sim_world_assets/models/hot_target) by extensions ['colcon_meta']
[0.325s] Level 1:colcon.colcon_core.package_identification:_identify(src/sim_world_assets/models/hot_target) by extension 'colcon_meta'
[0.325s] Level 1:colcon.colcon_core.package_identification:_identify(src/sim_world_assets/models/hot_target) by extensions ['ros']
[0.325s] Level 1:colcon.colcon_core.package_identification:_identify(src/sim_world_assets/models/hot_target) by extension 'ros'
[0.325s] Level 1:colcon.colcon_core.package_identification:_identify(src/sim_world_assets/models/hot_target) by extensions ['cmake', 'python']
[0.325s] Level 1:colcon.colcon_core.package_identification:_identify(src/sim_world_assets/models/hot_target) by extension 'cmake'
[0.325s] Level 1:colcon.colcon_core.package_identification:_identify(src/sim_world_assets/models/hot_target) by extension 'python'
[0.325s] Level 1:colcon.colcon_core.package_identification:_identify(src/sim_world_assets/models/hot_target) by extensions ['python_setup_py']
[0.325s] Level 1:colcon.colcon_core.package_identification:_identify(src/sim_world_assets/models/hot_target) by extension 'python_setup_py'
[0.325s] Level 1:colcon.colcon_core.package_identification:_identify(src/sim_world_assets/models/ped_actor) by extensions ['ignore', 'ignore_ament_install']
[0.325s] Level 1:colcon.colcon_core.package_identification:_identify(src/sim_world_assets/models/ped_actor) by extension 'ignore'
[0.325s] Level 1:colcon.colcon_core.package_identification:_identify(src/sim_world_assets/models/ped_actor) by extension 'ignore_ament_install'
[0.326s] Level 1:colcon.colcon_core.package_identification:_identify(src/sim_world_assets/models/ped_actor) by extensions ['colcon_pkg']
[0.326s] Level 1:colcon.colcon_core.package_identification:_identify(src/sim_world_assets/models/ped_actor) by extension 'colcon_pkg'
[0.326s] Level 1:colcon.colcon_core.package_identification:_identify(src/sim_world_assets/models/ped_actor) by extensions ['colcon_meta']
[0.326s] Level 1:colcon.colcon_core.package_identification:_identify(src/sim_world_assets/models/ped_actor) by extension 'colcon_meta'
[0.326s] Level 1:colcon.colcon_core.package_identification:_identify(src/sim_world_assets/models/ped_actor) by extensions ['ros']
[0.326s] Level 1:colcon.colcon_core.package_identification:_identify(src/sim_world_assets/models/ped_actor) by extension 'ros'
[0.326s] Level 1:colcon.colcon_core.package_identification:_identify(src/sim_world_assets/models/ped_actor) by extensions ['cmake', 'python']
[0.326s] Level 1:colcon.colcon_core.package_identification:_identify(src/sim_world_assets/models/ped_actor) by extension 'cmake'
[0.326s] Level 1:colcon.colcon_core.package_identification:_identify(src/sim_world_assets/models/ped_actor) by extension 'python'
[0.326s] Level 1:colcon.colcon_core.package_identification:_identify(src/sim_world_assets/models/ped_actor) by extensions ['python_setup_py']
[0.326s] Level 1:colcon.colcon_core.package_identification:_identify(src/sim_world_assets/models/ped_actor) by extension 'python_setup_py'
[0.326s] Level 1:colcon.colcon_core.package_identification:_identify(src/sim_world_assets/worlds) by extensions ['ignore', 'ignore_ament_install']
[0.326s] Level 1:colcon.colcon_core.package_identification:_identify(src/sim_world_assets/worlds) by extension 'ignore'
[0.326s] Level 1:colcon.colcon_core.package_identification:_identify(src/sim_world_assets/worlds) by extension 'ignore_ament_install'
[0.326s] Level 1:colcon.colcon_core.package_identification:_identify(src/sim_world_assets/worlds) by extensions ['colcon_pkg']
[0.326s] Level 1:colcon.colcon_core.package_identification:_identify(src/sim_world_assets/worlds) by extension 'colcon_pkg'
[0.326s] Level 1:colcon.colcon_core.package_identification:_identify(src/sim_world_assets/worlds) by extensions ['colcon_meta']
[0.326s] Level 1:colcon.colcon_core.package_identification:_identify(src/sim_world_assets/worlds) by extension 'colcon_meta'
[0.326s] Level 1:colcon.colcon_core.package_identification:_identify(src/sim_world_assets/worlds) by extensions ['ros']
[0.326s] Level 1:colcon.colcon_core.package_identification:_identify(src/sim_world_assets/worlds) by extension 'ros'
[0.326s] Level 1:colcon.colcon_core.package_identification:_identify(src/sim_world_assets/worlds) by extensions ['cmake', 'python']
[0.326s] Level 1:colcon.colcon_core.package_identification:_identify(src/sim_world_assets/worlds) by extension 'cmake'
[0.327s] Level 1:colcon.colcon_core.package_identification:_identify(src/sim_world_assets/worlds) by extension 'python'
[0.327s] Level 1:colcon.colcon_core.package_identification:_identify(src/sim_world_assets/worlds) by extensions ['python_setup_py']
[0.327s] Level 1:colcon.colcon_core.package_identification:_identify(src/sim_world_assets/worlds) by extension 'python_setup_py'
[0.327s] Level 1:colcon.colcon_core.package_discovery:discover_packages(recursive) using defaults
[0.327s] Level 1:colcon.colcon_core.package_discovery:discover_packages(ignore) discover
[0.327s] Level 1:colcon.colcon_core.package_discovery:discover_packages(ignore) using defaults
[0.327s] Level 1:colcon.colcon_core.package_discovery:discover_packages(path) discover
[0.327s] Level 1:colcon.colcon_core.package_discovery:discover_packages(path) using defaults
[0.355s] Level 1:colcon.colcon_core.package_discovery:discover_packages(prefix_path) check parameters
[0.356s] Level 1:colcon.colcon_core.package_discovery:discover_packages(prefix_path) discover
[0.361s] DEBUG:colcon.colcon_installed_package_information.package_discovery:Found 315 installed packages in /opt/ros/jazzy
[0.361s] Level 1:colcon.colcon_core.package_discovery:discover_packages(prefix_path) using defaults
[0.394s] Level 5:colcon.colcon_core.verb:set package 'inspection_mission' build argument 'cmake_args' from command line to 'None'
[0.394s] Level 5:colcon.colcon_core.verb:set package 'inspection_mission' build argument 'cmake_target' from command line to 'None'
[0.394s] Level 5:colcon.colcon_core.verb:set package 'inspection_mission' build argument 'cmake_target_skip_unavailable' from command line to 'False'
[0.394s] Level 5:colcon.colcon_core.verb:set package 'inspection_mission' build argument 'cmake_clean_cache' from command line to 'False'
[0.394s] Level 5:colcon.colcon_core.verb:set package 'inspection_mission' build argument 'cmake_clean_first' from command line to 'False'
[0.394s] Level 5:colcon.colcon_core.verb:set package 'inspection_mission' build argument 'cmake_force_configure' from command line to 'False'
[0.394s] Level 5:colcon.colcon_core.verb:set package 'inspection_mission' build argument 'ament_cmake_args' from command line to 'None'
[0.394s] Level 5:colcon.colcon_core.verb:set package 'inspection_mission' build argument 'catkin_cmake_args' from command line to 'None'
[0.394s] Level 5:colcon.colcon_core.verb:set package 'inspection_mission' build argument 'catkin_skip_building_tests' from command line to 'False'
[0.394s] DEBUG:colcon.colcon_core.verb:Building package 'inspection_mission' with the following arguments: {'ament_cmake_args': None, 'build_base': '/home/vincent/gz/ws_inspect/build/inspection_mission', 'catkin_cmake_args': None, 'catkin_skip_building_tests': False, 'cmake_args': None, 'cmake_clean_cache': False, 'cmake_clean_first': False, 'cmake_force_configure': False, 'cmake_target': None, 'cmake_target_skip_unavailable': False, 'install_base': '/home/vincent/gz/ws_inspect/install/inspection_mission', 'merge_install': False, 'path': '/home/vincent/gz/ws_inspect/src/inspection_mission', 'symlink_install': True, 'test_result_base': None}
[0.394s] Level 5:colcon.colcon_core.verb:set package 'inspection_thermal' build argument 'cmake_args' from command line to 'None'
[0.394s] Level 5:colcon.colcon_core.verb:set package 'inspection_thermal' build argument 'cmake_target' from command line to 'None'
[0.394s] Level 5:colcon.colcon_core.verb:set package 'inspection_thermal' build argument 'cmake_target_skip_unavailable' from command line to 'False'
[0.394s] Level 5:colcon.colcon_core.verb:set package 'inspection_thermal' build argument 'cmake_clean_cache' from command line to 'False'
[0.394s] Level 5:colcon.colcon_core.verb:set package 'inspection_thermal' build argument 'cmake_clean_first' from command line to 'False'
[0.394s] Level 5:colcon.colcon_core.verb:set package 'inspection_thermal' build argument 'cmake_force_configure' from command line to 'False'
[0.394s] Level 5:colcon.colcon_core.verb:set package 'inspection_thermal' build argument 'ament_cmake_args' from command line to 'None'
[0.394s] Level 5:colcon.colcon_core.verb:set package 'inspection_thermal' build argument 'catkin_cmake_args' from command line to 'None'
[0.394s] Level 5:colcon.colcon_core.verb:set package 'inspection_thermal' build argument 'catkin_skip_building_tests' from command line to 'False'
[0.394s] DEBUG:colcon.colcon_core.verb:Building package 'inspection_thermal' with the following arguments: {'ament_cmake_args': None, 'build_base': '/home/vincent/gz/ws_inspect/build/inspection_thermal', 'catkin_cmake_args': None, 'catkin_skip_building_tests': False, 'cmake_args': None, 'cmake_clean_cache': False, 'cmake_clean_first': False, 'cmake_force_configure': False, 'cmake_target': None, 'cmake_target_skip_unavailable': False, 'install_base': '/home/vincent/gz/ws_inspect/install/inspection_thermal', 'merge_install': False, 'path': '/home/vincent/gz/ws_inspect/src/inspection_thermal', 'symlink_install': True, 'test_result_base': None}
[0.394s] INFO:colcon.colcon_core.executor:Executing jobs using 'parallel' executor
[0.395s] DEBUG:colcon.colcon_parallel_executor.executor.parallel:run_until_complete
[0.396s] INFO:colcon.colcon_ros.task.ament_python.build:Building ROS package in '/home/vincent/gz/ws_inspect/src/inspection_mission' with build type 'ament_python'
[0.396s] Level 1:colcon.colcon_core.shell:create_environment_hook('inspection_mission', 'ament_prefix_path')
[0.406s] INFO:colcon.colcon_core.plugin_system:Skipping extension 'colcon_core.shell.bat': Not used on non-Windows systems
[0.406s] INFO:colcon.colcon_core.shell:Creating environment hook '/home/vincent/gz/ws_inspect/install/inspection_mission/share/inspection_mission/hook/ament_prefix_path.ps1'
[0.407s] INFO:colcon.colcon_core.shell:Creating environment descriptor '/home/vincent/gz/ws_inspect/install/inspection_mission/share/inspection_mission/hook/ament_prefix_path.dsv'
[0.408s] INFO:colcon.colcon_core.shell:Creating environment hook '/home/vincent/gz/ws_inspect/install/inspection_mission/share/inspection_mission/hook/ament_prefix_path.sh'
[0.409s] INFO:colcon.colcon_core.shell:Skip shell extension 'powershell' for command environment: Not usable outside of PowerShell
[0.409s] DEBUG:colcon.colcon_core.shell:Skip shell extension 'dsv' for command environment
[0.413s] INFO:colcon.colcon_ros.task.ament_python.build:Building ROS package in '/home/vincent/gz/ws_inspect/src/inspection_thermal' with build type 'ament_python'
[0.413s] Level 1:colcon.colcon_core.shell:create_environment_hook('inspection_thermal', 'ament_prefix_path')
[0.413s] INFO:colcon.colcon_core.shell:Creating environment hook '/home/vincent/gz/ws_inspect/install/inspection_thermal/share/inspection_thermal/hook/ament_prefix_path.ps1'
[0.414s] INFO:colcon.colcon_core.shell:Creating environment descriptor '/home/vincent/gz/ws_inspect/install/inspection_thermal/share/inspection_thermal/hook/ament_prefix_path.dsv'
[0.414s] INFO:colcon.colcon_core.shell:Creating environment hook '/home/vincent/gz/ws_inspect/install/inspection_thermal/share/inspection_thermal/hook/ament_prefix_path.sh'
[0.415s] INFO:colcon.colcon_core.shell:Skip shell extension 'powershell' for command environment: Not usable outside of PowerShell
[0.415s] DEBUG:colcon.colcon_core.shell:Skip shell extension 'dsv' for command environment
[0.591s] INFO:colcon.colcon_core.task.python.build:Building Python package in '/home/vincent/gz/ws_inspect/src/inspection_mission'
[0.591s] INFO:colcon.colcon_core.shell:Skip shell extension 'powershell' for command environment: Not usable outside of PowerShell
[0.591s] DEBUG:colcon.colcon_core.shell:Skip shell extension 'dsv' for command environment
[0.775s] INFO:colcon.colcon_core.task.python.build:Building Python package in '/home/vincent/gz/ws_inspect/src/inspection_thermal'
[0.776s] INFO:colcon.colcon_core.shell:Skip shell extension 'powershell' for command environment: Not usable outside of PowerShell
[0.776s] DEBUG:colcon.colcon_core.shell:Skip shell extension 'dsv' for command environment
[1.543s] DEBUG:colcon.colcon_core.event_handler.log_command:Invoking command in '/home/vincent/gz/ws_inspect/build/inspection_mission': CONDA_PROMPT_MODIFIER=(ros2) PYTHONPATH=/home/vincent/gz/ws_inspect/build/inspection_mission/prefix_override:/usr/lib/python3/dist-packages/colcon_core/task/python/colcon_distutils_commands:/home/vincent/gz/ws_inspect/install/inspection_mission/lib/python3.12/site-packages:${PYTHONPATH} /usr/bin/python3 -W ignore:setup.py install is deprecated -W ignore:easy_install command is deprecated setup.py develop --editable --build-directory /home/vincent/gz/ws_inspect/build/inspection_mission/build --no-deps symlink_data
[1.550s] DEBUG:colcon.colcon_core.event_handler.log_command:Invoking command in '/home/vincent/gz/ws_inspect/build/inspection_thermal': CONDA_PROMPT_MODIFIER=(ros2) PYTHONPATH=/home/vincent/gz/ws_inspect/build/inspection_thermal/prefix_override:/usr/lib/python3/dist-packages/colcon_core/task/python/colcon_distutils_commands:/home/vincent/gz/ws_inspect/install/inspection_thermal/lib/python3.12/site-packages:${PYTHONPATH} /usr/bin/python3 -W ignore:setup.py install is deprecated -W ignore:easy_install command is deprecated setup.py develop --editable --build-directory /home/vincent/gz/ws_inspect/build/inspection_thermal/build --no-deps symlink_data
[2.212s] Level 1:colcon.colcon_core.shell:create_environment_hook('inspection_thermal', 'pythonpath_develop')
[2.213s] INFO:colcon.colcon_core.shell:Creating environment hook '/home/vincent/gz/ws_inspect/build/inspection_thermal/src/share/inspection_thermal/hook/pythonpath_develop.ps1'
[2.213s] DEBUG:colcon.colcon_core.event_handler.log_command:Invoked command in '/home/vincent/gz/ws_inspect/build/inspection_thermal' returned '0': CONDA_PROMPT_MODIFIER=(ros2) PYTHONPATH=/home/vincent/gz/ws_inspect/build/inspection_thermal/prefix_override:/usr/lib/python3/dist-packages/colcon_core/task/python/colcon_distutils_commands:/home/vincent/gz/ws_inspect/install/inspection_thermal/lib/python3.12/site-packages:${PYTHONPATH} /usr/bin/python3 -W ignore:setup.py install is deprecated -W ignore:easy_install command is deprecated setup.py develop --editable --build-directory /home/vincent/gz/ws_inspect/build/inspection_thermal/build --no-deps symlink_data
[2.213s] INFO:colcon.colcon_core.shell:Creating environment descriptor '/home/vincent/gz/ws_inspect/build/inspection_thermal/src/share/inspection_thermal/hook/pythonpath_develop.dsv'
[2.214s] INFO:colcon.colcon_core.shell:Creating environment hook '/home/vincent/gz/ws_inspect/build/inspection_thermal/src/share/inspection_thermal/hook/pythonpath_develop.sh'
[2.223s] Level 1:colcon.colcon_core.environment:checking '/home/vincent/gz/ws_inspect/install/inspection_thermal' for CMake module files
[2.223s] Level 1:colcon.colcon_core.environment:checking '/home/vincent/gz/ws_inspect/install/inspection_thermal' for CMake config files
[2.224s] Level 1:colcon.colcon_core.environment:checking '/home/vincent/gz/ws_inspect/install/inspection_thermal/lib'
[2.224s] Level 1:colcon.colcon_core.environment:checking '/home/vincent/gz/ws_inspect/install/inspection_thermal/bin'
[2.224s] Level 1:colcon.colcon_core.shell:create_environment_hook('inspection_thermal', 'path')
[2.224s] INFO:colcon.colcon_core.shell:Creating environment hook '/home/vincent/gz/ws_inspect/install/inspection_thermal/share/inspection_thermal/hook/path.ps1'
[2.225s] INFO:colcon.colcon_core.shell:Creating environment descriptor '/home/vincent/gz/ws_inspect/install/inspection_thermal/share/inspection_thermal/hook/path.dsv'
[2.225s] INFO:colcon.colcon_core.shell:Creating environment hook '/home/vincent/gz/ws_inspect/install/inspection_thermal/share/inspection_thermal/hook/path.sh'
[2.225s] Level 1:colcon.colcon_core.environment:checking '/home/vincent/gz/ws_inspect/install/inspection_thermal/lib/pkgconfig/inspection_thermal.pc'
[2.226s] Level 1:colcon.colcon_core.environment:checking '/home/vincent/gz/ws_inspect/install/inspection_thermal/lib/python3.12/site-packages'
[2.226s] Level 1:colcon.colcon_core.shell:create_environment_hook('inspection_thermal', 'pythonpath')
[2.226s] INFO:colcon.colcon_core.shell:Creating environment hook '/home/vincent/gz/ws_inspect/install/inspection_thermal/share/inspection_thermal/hook/pythonpath.ps1'
[2.226s] INFO:colcon.colcon_core.shell:Creating environment descriptor '/home/vincent/gz/ws_inspect/install/inspection_thermal/share/inspection_thermal/hook/pythonpath.dsv'
[2.227s] INFO:colcon.colcon_core.shell:Creating environment hook '/home/vincent/gz/ws_inspect/install/inspection_thermal/share/inspection_thermal/hook/pythonpath.sh'
[2.227s] Level 1:colcon.colcon_core.environment:checking '/home/vincent/gz/ws_inspect/install/inspection_thermal/bin'
[2.227s] Level 1:colcon.colcon_core.shell:create_environment_hook('inspection_thermal', 'pythonscriptspath')
[2.227s] INFO:colcon.colcon_core.shell:Creating environment hook '/home/vincent/gz/ws_inspect/install/inspection_thermal/share/inspection_thermal/hook/pythonscriptspath.ps1'
[2.228s] INFO:colcon.colcon_core.shell:Creating environment descriptor '/home/vincent/gz/ws_inspect/install/inspection_thermal/share/inspection_thermal/hook/pythonscriptspath.dsv'
[2.228s] INFO:colcon.colcon_core.shell:Creating environment hook '/home/vincent/gz/ws_inspect/install/inspection_thermal/share/inspection_thermal/hook/pythonscriptspath.sh'
[2.228s] Level 1:colcon.colcon_core.environment:create_environment_scripts_only(inspection_thermal)
[2.229s] INFO:colcon.colcon_core.shell:Creating package script '/home/vincent/gz/ws_inspect/install/inspection_thermal/share/inspection_thermal/package.ps1'
[2.230s] INFO:colcon.colcon_core.shell:Creating package descriptor '/home/vincent/gz/ws_inspect/install/inspection_thermal/share/inspection_thermal/package.dsv'
[2.230s] INFO:colcon.colcon_core.shell:Creating package script '/home/vincent/gz/ws_inspect/install/inspection_thermal/share/inspection_thermal/package.sh'
[2.231s] INFO:colcon.colcon_core.shell:Creating package script '/home/vincent/gz/ws_inspect/install/inspection_thermal/share/inspection_thermal/package.bash'
[2.232s] INFO:colcon.colcon_core.shell:Creating package script '/home/vincent/gz/ws_inspect/install/inspection_thermal/share/inspection_thermal/package.zsh'
[2.234s] Level 1:colcon.colcon_core.environment:create_file_with_runtime_dependencies(/home/vincent/gz/ws_inspect/install/inspection_thermal/share/colcon-core/packages/inspection_thermal)
[2.235s] Level 1:colcon.colcon_core.shell:create_environment_hook('inspection_mission', 'pythonpath_develop')
[2.236s] INFO:colcon.colcon_core.shell:Creating environment hook '/home/vincent/gz/ws_inspect/build/inspection_mission/src/share/inspection_mission/hook/pythonpath_develop.ps1'
[2.237s] INFO:colcon.colcon_core.shell:Creating environment descriptor '/home/vincent/gz/ws_inspect/build/inspection_mission/src/share/inspection_mission/hook/pythonpath_develop.dsv'
[2.238s] DEBUG:colcon.colcon_core.event_handler.log_command:Invoked command in '/home/vincent/gz/ws_inspect/build/inspection_mission' returned '0': CONDA_PROMPT_MODIFIER=(ros2) PYTHONPATH=/home/vincent/gz/ws_inspect/build/inspection_mission/prefix_override:/usr/lib/python3/dist-packages/colcon_core/task/python/colcon_distutils_commands:/home/vincent/gz/ws_inspect/install/inspection_mission/lib/python3.12/site-packages:${PYTHONPATH} /usr/bin/python3 -W ignore:setup.py install is deprecated -W ignore:easy_install command is deprecated setup.py develop --editable --build-directory /home/vincent/gz/ws_inspect/build/inspection_mission/build --no-deps symlink_data
[2.238s] INFO:colcon.colcon_core.shell:Creating environment hook '/home/vincent/gz/ws_inspect/build/inspection_mission/src/share/inspection_mission/hook/pythonpath_develop.sh'
[2.239s] Level 1:colcon.colcon_core.environment:checking '/home/vincent/gz/ws_inspect/install/inspection_mission' for CMake module files
[2.239s] Level 1:colcon.colcon_core.environment:checking '/home/vincent/gz/ws_inspect/install/inspection_mission' for CMake config files
[2.240s] Level 1:colcon.colcon_core.environment:checking '/home/vincent/gz/ws_inspect/install/inspection_mission/lib'
[2.240s] Level 1:colcon.colcon_core.environment:checking '/home/vincent/gz/ws_inspect/install/inspection_mission/bin'
[2.240s] Level 1:colcon.colcon_core.shell:create_environment_hook('inspection_mission', 'path')
[2.240s] INFO:colcon.colcon_core.shell:Creating environment hook '/home/vincent/gz/ws_inspect/install/inspection_mission/share/inspection_mission/hook/path.ps1'
[2.240s] INFO:colcon.colcon_core.shell:Creating environment descriptor '/home/vincent/gz/ws_inspect/install/inspection_mission/share/inspection_mission/hook/path.dsv'
[2.241s] INFO:colcon.colcon_core.shell:Creating environment hook '/home/vincent/gz/ws_inspect/install/inspection_mission/share/inspection_mission/hook/path.sh'
[2.241s] Level 1:colcon.colcon_core.environment:checking '/home/vincent/gz/ws_inspect/install/inspection_mission/lib/pkgconfig/inspection_mission.pc'
[2.241s] Level 1:colcon.colcon_core.environment:checking '/home/vincent/gz/ws_inspect/install/inspection_mission/lib/python3.12/site-packages'
[2.241s] Level 1:colcon.colcon_core.shell:create_environment_hook('inspection_mission', 'pythonpath')
[2.241s] INFO:colcon.colcon_core.shell:Creating environment hook '/home/vincent/gz/ws_inspect/install/inspection_mission/share/inspection_mission/hook/pythonpath.ps1'
[2.242s] INFO:colcon.colcon_core.shell:Creating environment descriptor '/home/vincent/gz/ws_inspect/install/inspection_mission/share/inspection_mission/hook/pythonpath.dsv'
[2.242s] INFO:colcon.colcon_core.shell:Creating environment hook '/home/vincent/gz/ws_inspect/install/inspection_mission/share/inspection_mission/hook/pythonpath.sh'
[2.243s] Level 1:colcon.colcon_core.environment:checking '/home/vincent/gz/ws_inspect/install/inspection_mission/bin'
[2.243s] Level 1:colcon.colcon_core.shell:create_environment_hook('inspection_mission', 'pythonscriptspath')
[2.243s] INFO:colcon.colcon_core.shell:Creating environment hook '/home/vincent/gz/ws_inspect/install/inspection_mission/share/inspection_mission/hook/pythonscriptspath.ps1'
[2.243s] INFO:colcon.colcon_core.shell:Creating environment descriptor '/home/vincent/gz/ws_inspect/install/inspection_mission/share/inspection_mission/hook/pythonscriptspath.dsv'
[2.243s] INFO:colcon.colcon_core.shell:Creating environment hook '/home/vincent/gz/ws_inspect/install/inspection_mission/share/inspection_mission/hook/pythonscriptspath.sh'
[2.244s] Level 1:colcon.colcon_core.environment:create_environment_scripts_only(inspection_mission)
[2.244s] INFO:colcon.colcon_core.shell:Creating package script '/home/vincent/gz/ws_inspect/install/inspection_mission/share/inspection_mission/package.ps1'
[2.245s] INFO:colcon.colcon_core.shell:Creating package descriptor '/home/vincent/gz/ws_inspect/install/inspection_mission/share/inspection_mission/package.dsv'
[2.245s] INFO:colcon.colcon_core.shell:Creating package script '/home/vincent/gz/ws_inspect/install/inspection_mission/share/inspection_mission/package.sh'
[2.245s] INFO:colcon.colcon_core.shell:Creating package script '/home/vincent/gz/ws_inspect/install/inspection_mission/share/inspection_mission/package.bash'
[2.246s] INFO:colcon.colcon_core.shell:Creating package script '/home/vincent/gz/ws_inspect/install/inspection_mission/share/inspection_mission/package.zsh'
[2.246s] Level 1:colcon.colcon_core.environment:create_file_with_runtime_dependencies(/home/vincent/gz/ws_inspect/install/inspection_mission/share/colcon-core/packages/inspection_mission)
[2.246s] DEBUG:colcon.colcon_parallel_executor.executor.parallel:closing loop
[2.247s] DEBUG:colcon.colcon_parallel_executor.executor.parallel:loop closed
[2.247s] DEBUG:colcon.colcon_parallel_executor.executor.parallel:run_until_complete finished with '0'
[2.247s] DEBUG:colcon.colcon_core.event_reactor:joining thread
[2.266s] INFO:colcon.colcon_core.plugin_system:Skipping extension 'colcon_notification.desktop_notification.notify_send': Could not find 'notify-send'
[2.266s] INFO:colcon.colcon_core.plugin_system:Skipping extension 'colcon_notification.desktop_notification.terminal_notifier': Not used on non-Darwin systems
[2.266s] INFO:colcon.colcon_core.plugin_system:Skipping extension 'colcon_notification.desktop_notification.win32': Not used on non-Windows systems
[2.267s] INFO:colcon.colcon_notification.desktop_notification:Sending desktop notification using 'notify2'
[2.291s] DEBUG:colcon.colcon_notification.desktop_notification.notify2:Failed to initialize notify2: org.freedesktop.DBus.Error.ServiceUnknown: The name org.freedesktop.Notifications was not provided by any .service files
[2.291s] DEBUG:colcon.colcon_core.event_reactor:joined thread
[2.292s] INFO:colcon.colcon_core.shell:Creating prefix script '/home/vincent/gz/ws_inspect/install/local_setup.ps1'
[2.293s] INFO:colcon.colcon_core.shell:Creating prefix util module '/home/vincent/gz/ws_inspect/install/_local_setup_util_ps1.py'
[2.294s] INFO:colcon.colcon_core.shell:Creating prefix chain script '/home/vincent/gz/ws_inspect/install/setup.ps1'
[2.295s] INFO:colcon.colcon_core.shell:Creating prefix script '/home/vincent/gz/ws_inspect/install/local_setup.sh'
[2.296s] INFO:colcon.colcon_core.shell:Creating prefix util module '/home/vincent/gz/ws_inspect/install/_local_setup_util_sh.py'
[2.296s] INFO:colcon.colcon_core.shell:Creating prefix chain script '/home/vincent/gz/ws_inspect/install/setup.sh'
[2.297s] INFO:colcon.colcon_core.shell:Creating prefix script '/home/vincent/gz/ws_inspect/install/local_setup.bash'
[2.298s] INFO:colcon.colcon_core.shell:Creating prefix chain script '/home/vincent/gz/ws_inspect/install/setup.bash'
[2.299s] INFO:colcon.colcon_core.shell:Creating prefix script '/home/vincent/gz/ws_inspect/install/local_setup.zsh'
[2.299s] INFO:colcon.colcon_core.shell:Creating prefix chain script '/home/vincent/gz/ws_inspect/install/setup.zsh'
