running develop
running egg_info
creating inspection_bringup.egg-info
writing inspection_bringup.egg-info/PKG-INFO
writing dependency_links to inspection_bringup.egg-info/dependency_links.txt
writing requirements to inspection_bringup.egg-info/requires.txt
writing top-level names to inspection_bringup.egg-info/top_level.txt
writing manifest file 'inspection_bringup.egg-info/SOURCES.txt'
reading manifest file 'inspection_bringup.egg-info/SOURCES.txt'
writing manifest file 'inspection_bringup.egg-info/SOURCES.txt'
running build_ext
Creating /home/vincent/gz/ws_inspect/install/inspection_bringup/lib/python3.12/site-packages/inspection-bringup.egg-link (link to .)

Installed /home/vincent/gz/ws_inspect/build/inspection_bringup
running symlink_data
creating /home/vincent/gz/ws_inspect/install/inspection_bringup/share/ament_index
creating /home/vincent/gz/ws_inspect/install/inspection_bringup/share/ament_index/resource_index
creating /home/vincent/gz/ws_inspect/install/inspection_bringup/share/ament_index/resource_index/packages
symbolically linking /home/vincent/gz/ws_inspect/build/inspection_bringup/resource/inspection_bringup -> /home/vincent/gz/ws_inspect/install/inspection_bringup/share/ament_index/resource_index/packages
symbolically linking /home/vincent/gz/ws_inspect/build/inspection_bringup/package.xml -> /home/vincent/gz/ws_inspect/install/inspection_bringup/share/inspection_bringup
creating /home/vincent/gz/ws_inspect/install/inspection_bringup/share/inspection_bringup/launch
symbolically linking /home/vincent/gz/ws_inspect/build/inspection_bringup/launch/sim_nav2.launch.py -> /home/vincent/gz/ws_inspect/install/inspection_bringup/share/inspection_bringup/launch
symbolically linking /home/vincent/gz/ws_inspect/build/inspection_bringup/launch/sim_world.launch.py -> /home/vincent/gz/ws_inspect/install/inspection_bringup/share/inspection_bringup/launch
symbolically linking /home/vincent/gz/ws_inspect/build/inspection_bringup/launch/sim_all.launch.py -> /home/vincent/gz/ws_inspect/install/inspection_bringup/share/inspection_bringup/launch
creating /home/vincent/gz/ws_inspect/install/inspection_bringup/share/inspection_bringup/config
symbolically linking /home/vincent/gz/ws_inspect/build/inspection_bringup/config/costmap_common.yaml -> /home/vincent/gz/ws_inspect/install/inspection_bringup/share/inspection_bringup/config
symbolically linking /home/vincent/gz/ws_inspect/build/inspection_bringup/config/localization.yaml -> /home/vincent/gz/ws_inspect/install/inspection_bringup/share/inspection_bringup/config
symbolically linking /home/vincent/gz/ws_inspect/build/inspection_bringup/config/nav2_params.yaml -> /home/vincent/gz/ws_inspect/install/inspection_bringup/share/inspection_bringup/config
