running develop
running egg_info
creating src/inspection_mission.egg-info
writing src/inspection_mission.egg-info/PKG-INFO
writing dependency_links to src/inspection_mission.egg-info/dependency_links.txt
writing entry points to src/inspection_mission.egg-info/entry_points.txt
writing requirements to src/inspection_mission.egg-info/requires.txt
writing top-level names to src/inspection_mission.egg-info/top_level.txt
writing manifest file 'src/inspection_mission.egg-info/SOURCES.txt'
reading manifest file 'src/inspection_mission.egg-info/SOURCES.txt'
writing manifest file 'src/inspection_mission.egg-info/SOURCES.txt'
running build_ext
Creating /home/vincent/gz/ws_inspect/install/inspection_mission/lib/python3.12/site-packages/inspection-mission.egg-link (link to src)
Installing mission_node script to /home/vincent/gz/ws_inspect/install/inspection_mission/bin

Installed /home/vincent/gz/ws_inspect/build/inspection_mission/src
running symlink_data
creating /home/vincent/gz/ws_inspect/install/inspection_mission/share/ament_index
creating /home/vincent/gz/ws_inspect/install/inspection_mission/share/ament_index/resource_index
creating /home/vincent/gz/ws_inspect/install/inspection_mission/share/ament_index/resource_index/packages
symbolically linking /home/vincent/gz/ws_inspect/build/inspection_mission/resource/inspection_mission -> /home/vincent/gz/ws_inspect/install/inspection_mission/share/ament_index/resource_index/packages
symbolically linking /home/vincent/gz/ws_inspect/build/inspection_mission/package.xml -> /home/vincent/gz/ws_inspect/install/inspection_mission/share/inspection_mission
