[0.827s] Invoking command in '/home/vincent/gz/ws_inspect/build/inspection_mission': CONDA_PROMPT_MODIFIER=(ros2) PYTHONPATH=/home/vincent/gz/ws_inspect/build/inspection_mission/prefix_override:/usr/lib/python3/dist-packages/colcon_core/task/python/colcon_distutils_commands:/home/vincent/gz/ws_inspect/install/inspection_mission/lib/python3.12/site-packages:${PYTHONPATH} /usr/bin/python3 -W ignore:setup.py install is deprecated -W ignore:easy_install command is deprecated setup.py develop --editable --build-directory /home/vincent/gz/ws_inspect/build/inspection_mission/build --no-deps symlink_data
[1.107s] running develop
[1.284s] running egg_info
[1.284s] creating src/inspection_mission.egg-info
[1.301s] writing src/inspection_mission.egg-info/PKG-INFO
[1.301s] writing dependency_links to src/inspection_mission.egg-info/dependency_links.txt
[1.302s] writing entry points to src/inspection_mission.egg-info/entry_points.txt
[1.303s] writing requirements to src/inspection_mission.egg-info/requires.txt
[1.303s] writing top-level names to src/inspection_mission.egg-info/top_level.txt
[1.304s] writing manifest file 'src/inspection_mission.egg-info/SOURCES.txt'
[1.335s] reading manifest file 'src/inspection_mission.egg-info/SOURCES.txt'
[1.336s] writing manifest file 'src/inspection_mission.egg-info/SOURCES.txt'
[1.357s] running build_ext
[1.361s] Creating /home/vincent/gz/ws_inspect/install/inspection_mission/lib/python3.12/site-packages/inspection-mission.egg-link (link to src)
[1.361s] Installing mission_node script to /home/vincent/gz/ws_inspect/install/inspection_mission/bin
[1.362s] 
[1.362s] Installed /home/vincent/gz/ws_inspect/build/inspection_mission/src
[1.363s] running symlink_data
[1.363s] creating /home/vincent/gz/ws_inspect/install/inspection_mission/share/ament_index
[1.363s] creating /home/vincent/gz/ws_inspect/install/inspection_mission/share/ament_index/resource_index
[1.364s] creating /home/vincent/gz/ws_inspect/install/inspection_mission/share/ament_index/resource_index/packages
[1.364s] symbolically linking /home/vincent/gz/ws_inspect/build/inspection_mission/resource/inspection_mission -> /home/vincent/gz/ws_inspect/install/inspection_mission/share/ament_index/resource_index/packages
[1.365s] symbolically linking /home/vincent/gz/ws_inspect/build/inspection_mission/package.xml -> /home/vincent/gz/ws_inspect/install/inspection_mission/share/inspection_mission
[1.402s] Invoked command in '/home/vincent/gz/ws_inspect/build/inspection_mission' returned '0': CONDA_PROMPT_MODIFIER=(ros2) PYTHONPATH=/home/vincent/gz/ws_inspect/build/inspection_mission/prefix_override:/usr/lib/python3/dist-packages/colcon_core/task/python/colcon_distutils_commands:/home/vincent/gz/ws_inspect/install/inspection_mission/lib/python3.12/site-packages:${PYTHONPATH} /usr/bin/python3 -W ignore:setup.py install is deprecated -W ignore:easy_install command is deprecated setup.py develop --editable --build-directory /home/vincent/gz/ws_inspect/build/inspection_mission/build --no-deps symlink_data
