[0.221s] DEBUG:colcon:Command line arguments: ['/usr/bin/colcon', 'build', '--symlink-install']
[0.221s] DEBUG:colcon:Parsed command line arguments: Namespace(log_base=None, log_level=None, verb_name='build', build_base='build', install_base='install', merge_install=False, symlink_install=True, test_result_base=None, continue_on_error=False, executor='parallel', parallel_workers=2, event_handlers=None, ignore_user_meta=False, metas=['./colcon.meta'], base_paths=['.'], packages_ignore=None, packages_ignore_regex=None, paths=None, packages_up_to=None, packages_up_to_regex=None, packages_above=None, packages_above_and_dependencies=None, packages_above_depth=None, packages_select_by_dep=None, packages_skip_by_dep=None, packages_skip_up_to=None, packages_select_build_failed=False, packages_skip_build_finished=False, packages_select_test_failures=False, packages_skip_test_passed=False, packages_select=None, packages_skip=None, packages_select_regex=None, packages_skip_regex=None, packages_start=None, packages_end=None, allow_overriding=[], cmake_args=None, cmake_target=None, cmake_target_skip_unavailable=False, cmake_clean_cache=False, cmake_clean_first=False, cmake_force_configure=False, ament_cmake_args=None, catkin_cmake_args=None, catkin_skip_building_tests=False, mixin_files=None, mixin=None, verb_parser=<colcon_mixin.mixin.mixin_argument.MixinArgumentDecorator object at 0x7fc7b72863f0>, verb_extension=<colcon_core.verb.build.BuildVerb object at 0x7fc7b72860c0>, main=<bound method BuildVerb.main of <colcon_core.verb.build.BuildVerb object at 0x7fc7b72860c0>>, mixin_verb=('build',))
[0.262s] Level 1:colcon.colcon_core.package_discovery:discover_packages(colcon_meta) check parameters
[0.262s] Level 1:colcon.colcon_core.package_discovery:discover_packages(recursive) check parameters
[0.262s] Level 1:colcon.colcon_core.package_discovery:discover_packages(ignore) check parameters
[0.262s] Level 1:colcon.colcon_core.package_discovery:discover_packages(path) check parameters
[0.262s] Level 1:colcon.colcon_core.package_discovery:discover_packages(colcon_meta) discover
[0.263s] Level 1:colcon.colcon_core.package_discovery:discover_packages(recursive) discover
[0.263s] INFO:colcon.colcon_core.package_discovery:Crawling recursively for packages in '/home/vincent/gz/ws_inspect'
[0.263s] Level 1:colcon.colcon_core.package_identification:_identify(.) by extensions ['ignore', 'ignore_ament_install']
[0.263s] Level 1:colcon.colcon_core.package_identification:_identify(.) by extension 'ignore'
[0.263s] Level 1:colcon.colcon_core.package_identification:_identify(.) by extension 'ignore_ament_install'
[0.263s] Level 1:colcon.colcon_core.package_identification:_identify(.) by extensions ['colcon_pkg']
[0.263s] Level 1:colcon.colcon_core.package_identification:_identify(.) by extension 'colcon_pkg'
[0.263s] Level 1:colcon.colcon_core.package_identification:_identify(.) by extensions ['colcon_meta']
[0.263s] Level 1:colcon.colcon_core.package_identification:_identify(.) by extension 'colcon_meta'
[0.263s] Level 1:colcon.colcon_core.package_identification:_identify(.) by extensions ['ros']
[0.263s] Level 1:colcon.colcon_core.package_identification:_identify(.) by extension 'ros'
[0.295s] Level 1:colcon.colcon_core.package_identification:_identify(.) by extensions ['cmake', 'python']
[0.295s] Level 1:colcon.colcon_core.package_identification:_identify(.) by extension 'cmake'
[0.295s] Level 1:colcon.colcon_core.package_identification:_identify(.) by extension 'python'
[0.296s] Level 1:colcon.colcon_core.package_identification:_identify(.) by extensions ['python_setup_py']
[0.296s] Level 1:colcon.colcon_core.package_identification:_identify(.) by extension 'python_setup_py'
[0.296s] Level 1:colcon.colcon_core.package_identification:_identify(build) by extensions ['ignore', 'ignore_ament_install']
[0.296s] Level 1:colcon.colcon_core.package_identification:_identify(build) by extension 'ignore'
[0.296s] Level 1:colcon.colcon_core.package_identification:_identify(build) ignored
[0.296s] Level 1:colcon.colcon_core.package_identification:_identify(install) by extensions ['ignore', 'ignore_ament_install']
[0.296s] Level 1:colcon.colcon_core.package_identification:_identify(install) by extension 'ignore'
[0.296s] Level 1:colcon.colcon_core.package_identification:_identify(install) ignored
[0.296s] Level 1:colcon.colcon_core.package_identification:_identify(log) by extensions ['ignore', 'ignore_ament_install']
[0.296s] Level 1:colcon.colcon_core.package_identification:_identify(log) by extension 'ignore'
[0.296s] Level 1:colcon.colcon_core.package_identification:_identify(log) ignored
[0.297s] Level 1:colcon.colcon_core.package_identification:_identify(src) by extensions ['ignore', 'ignore_ament_install']
[0.297s] Level 1:colcon.colcon_core.package_identification:_identify(src) by extension 'ignore'
[0.297s] Level 1:colcon.colcon_core.package_identification:_identify(src) by extension 'ignore_ament_install'
[0.297s] Level 1:colcon.colcon_core.package_identification:_identify(src) by extensions ['colcon_pkg']
[0.297s] Level 1:colcon.colcon_core.package_identification:_identify(src) by extension 'colcon_pkg'
[0.297s] Level 1:colcon.colcon_core.package_identification:_identify(src) by extensions ['colcon_meta']
[0.297s] Level 1:colcon.colcon_core.package_identification:_identify(src) by extension 'colcon_meta'
[0.297s] Level 1:colcon.colcon_core.package_identification:_identify(src) by extensions ['ros']
[0.297s] Level 1:colcon.colcon_core.package_identification:_identify(src) by extension 'ros'
[0.297s] Level 1:colcon.colcon_core.package_identification:_identify(src) by extensions ['cmake', 'python']
[0.297s] Level 1:colcon.colcon_core.package_identification:_identify(src) by extension 'cmake'
[0.297s] Level 1:colcon.colcon_core.package_identification:_identify(src) by extension 'python'
[0.297s] Level 1:colcon.colcon_core.package_identification:_identify(src) by extensions ['python_setup_py']
[0.297s] Level 1:colcon.colcon_core.package_identification:_identify(src) by extension 'python_setup_py'
[0.298s] Level 1:colcon.colcon_core.package_identification:_identify(src/inspection_bringup) by extensions ['ignore', 'ignore_ament_install']
[0.298s] Level 1:colcon.colcon_core.package_identification:_identify(src/inspection_bringup) by extension 'ignore'
[0.298s] Level 1:colcon.colcon_core.package_identification:_identify(src/inspection_bringup) by extension 'ignore_ament_install'
[0.298s] Level 1:colcon.colcon_core.package_identification:_identify(src/inspection_bringup) by extensions ['colcon_pkg']
[0.298s] Level 1:colcon.colcon_core.package_identification:_identify(src/inspection_bringup) by extension 'colcon_pkg'
[0.298s] Level 1:colcon.colcon_core.package_identification:_identify(src/inspection_bringup) by extensions ['colcon_meta']
[0.298s] Level 1:colcon.colcon_core.package_identification:_identify(src/inspection_bringup) by extension 'colcon_meta'
[0.298s] Level 1:colcon.colcon_core.package_identification:_identify(src/inspection_bringup) by extensions ['ros']
[0.298s] Level 1:colcon.colcon_core.package_identification:_identify(src/inspection_bringup) by extension 'ros'
[0.302s] DEBUG:colcon.colcon_core.package_identification:Package 'src/inspection_bringup' with type 'ros.ament_python' and name 'inspection_bringup'
[0.303s] Level 1:colcon.colcon_core.package_identification:_identify(src/inspection_mission) by extensions ['ignore', 'ignore_ament_install']
[0.303s] Level 1:colcon.colcon_core.package_identification:_identify(src/inspection_mission) by extension 'ignore'
[0.303s] Level 1:colcon.colcon_core.package_identification:_identify(src/inspection_mission) by extension 'ignore_ament_install'
[0.303s] Level 1:colcon.colcon_core.package_identification:_identify(src/inspection_mission) by extensions ['colcon_pkg']
[0.303s] Level 1:colcon.colcon_core.package_identification:_identify(src/inspection_mission) by extension 'colcon_pkg'
[0.303s] Level 1:colcon.colcon_core.package_identification:_identify(src/inspection_mission) by extensions ['colcon_meta']
[0.303s] Level 1:colcon.colcon_core.package_identification:_identify(src/inspection_mission) by extension 'colcon_meta'
[0.303s] Level 1:colcon.colcon_core.package_identification:_identify(src/inspection_mission) by extensions ['ros']
[0.303s] Level 1:colcon.colcon_core.package_identification:_identify(src/inspection_mission) by extension 'ros'
[0.304s] DEBUG:colcon.colcon_core.package_identification:Package 'src/inspection_mission' with type 'ros.ament_python' and name 'inspection_mission'
[0.304s] Level 1:colcon.colcon_core.package_identification:_identify(src/inspection_thermal) by extensions ['ignore', 'ignore_ament_install']
[0.304s] Level 1:colcon.colcon_core.package_identification:_identify(src/inspection_thermal) by extension 'ignore'
[0.304s] Level 1:colcon.colcon_core.package_identification:_identify(src/inspection_thermal) by extension 'ignore_ament_install'
[0.305s] Level 1:colcon.colcon_core.package_identification:_identify(src/inspection_thermal) by extensions ['colcon_pkg']
[0.305s] Level 1:colcon.colcon_core.package_identification:_identify(src/inspection_thermal) by extension 'colcon_pkg'
[0.305s] Level 1:colcon.colcon_core.package_identification:_identify(src/inspection_thermal) by extensions ['colcon_meta']
[0.305s] Level 1:colcon.colcon_core.package_identification:_identify(src/inspection_thermal) by extension 'colcon_meta'
[0.305s] Level 1:colcon.colcon_core.package_identification:_identify(src/inspection_thermal) by extensions ['ros']
[0.305s] Level 1:colcon.colcon_core.package_identification:_identify(src/inspection_thermal) by extension 'ros'
[0.305s] DEBUG:colcon.colcon_core.package_identification:Package 'src/inspection_thermal' with type 'ros.ament_python' and name 'inspection_thermal'
[0.306s] Level 1:colcon.colcon_core.package_identification:_identify(src/sim_world_assets) by extensions ['ignore', 'ignore_ament_install']
[0.306s] Level 1:colcon.colcon_core.package_identification:_identify(src/sim_world_assets) by extension 'ignore'
[0.306s] Level 1:colcon.colcon_core.package_identification:_identify(src/sim_world_assets) by extension 'ignore_ament_install'
[0.306s] Level 1:colcon.colcon_core.package_identification:_identify(src/sim_world_assets) by extensions ['colcon_pkg']
[0.306s] Level 1:colcon.colcon_core.package_identification:_identify(src/sim_world_assets) by extension 'colcon_pkg'
[0.306s] Level 1:colcon.colcon_core.package_identification:_identify(src/sim_world_assets) by extensions ['colcon_meta']
[0.306s] Level 1:colcon.colcon_core.package_identification:_identify(src/sim_world_assets) by extension 'colcon_meta'
[0.306s] Level 1:colcon.colcon_core.package_identification:_identify(src/sim_world_assets) by extensions ['ros']
[0.306s] Level 1:colcon.colcon_core.package_identification:_identify(src/sim_world_assets) by extension 'ros'
[0.306s] Level 1:colcon.colcon_core.package_identification:_identify(src/sim_world_assets) by extensions ['cmake', 'python']
[0.306s] Level 1:colcon.colcon_core.package_identification:_identify(src/sim_world_assets) by extension 'cmake'
[0.306s] Level 1:colcon.colcon_core.package_identification:_identify(src/sim_world_assets) by extension 'python'
[0.306s] Level 1:colcon.colcon_core.package_identification:_identify(src/sim_world_assets) by extensions ['python_setup_py']
[0.307s] Level 1:colcon.colcon_core.package_identification:_identify(src/sim_world_assets) by extension 'python_setup_py'
[0.307s] Level 1:colcon.colcon_core.package_identification:_identify(src/sim_world_assets/models) by extensions ['ignore', 'ignore_ament_install']
[0.307s] Level 1:colcon.colcon_core.package_identification:_identify(src/sim_world_assets/models) by extension 'ignore'
[0.308s] Level 1:colcon.colcon_core.package_identification:_identify(src/sim_world_assets/models) by extension 'ignore_ament_install'
[0.308s] Level 1:colcon.colcon_core.package_identification:_identify(src/sim_world_assets/models) by extensions ['colcon_pkg']
[0.308s] Level 1:colcon.colcon_core.package_identification:_identify(src/sim_world_assets/models) by extension 'colcon_pkg'
[0.308s] Level 1:colcon.colcon_core.package_identification:_identify(src/sim_world_assets/models) by extensions ['colcon_meta']
[0.308s] Level 1:colcon.colcon_core.package_identification:_identify(src/sim_world_assets/models) by extension 'colcon_meta'
[0.308s] Level 1:colcon.colcon_core.package_identification:_identify(src/sim_world_assets/models) by extensions ['ros']
[0.308s] Level 1:colcon.colcon_core.package_identification:_identify(src/sim_world_assets/models) by extension 'ros'
[0.308s] Level 1:colcon.colcon_core.package_identification:_identify(src/sim_world_assets/models) by extensions ['cmake', 'python']
[0.308s] Level 1:colcon.colcon_core.package_identification:_identify(src/sim_world_assets/models) by extension 'cmake'
[0.308s] Level 1:colcon.colcon_core.package_identification:_identify(src/sim_world_assets/models) by extension 'python'
[0.308s] Level 1:colcon.colcon_core.package_identification:_identify(src/sim_world_assets/models) by extensions ['python_setup_py']
[0.308s] Level 1:colcon.colcon_core.package_identification:_identify(src/sim_world_assets/models) by extension 'python_setup_py'
[0.309s] Level 1:colcon.colcon_core.package_identification:_identify(src/sim_world_assets/models/hot_target) by extensions ['ignore', 'ignore_ament_install']
[0.309s] Level 1:colcon.colcon_core.package_identification:_identify(src/sim_world_assets/models/hot_target) by extension 'ignore'
[0.309s] Level 1:colcon.colcon_core.package_identification:_identify(src/sim_world_assets/models/hot_target) by extension 'ignore_ament_install'
[0.309s] Level 1:colcon.colcon_core.package_identification:_identify(src/sim_world_assets/models/hot_target) by extensions ['colcon_pkg']
[0.309s] Level 1:colcon.colcon_core.package_identification:_identify(src/sim_world_assets/models/hot_target) by extension 'colcon_pkg'
[0.309s] Level 1:colcon.colcon_core.package_identification:_identify(src/sim_world_assets/models/hot_target) by extensions ['colcon_meta']
[0.309s] Level 1:colcon.colcon_core.package_identification:_identify(src/sim_world_assets/models/hot_target) by extension 'colcon_meta'
[0.309s] Level 1:colcon.colcon_core.package_identification:_identify(src/sim_world_assets/models/hot_target) by extensions ['ros']
[0.309s] Level 1:colcon.colcon_core.package_identification:_identify(src/sim_world_assets/models/hot_target) by extension 'ros'
[0.309s] Level 1:colcon.colcon_core.package_identification:_identify(src/sim_world_assets/models/hot_target) by extensions ['cmake', 'python']
[0.309s] Level 1:colcon.colcon_core.package_identification:_identify(src/sim_world_assets/models/hot_target) by extension 'cmake'
[0.309s] Level 1:colcon.colcon_core.package_identification:_identify(src/sim_world_assets/models/hot_target) by extension 'python'
[0.309s] Level 1:colcon.colcon_core.package_identification:_identify(src/sim_world_assets/models/hot_target) by extensions ['python_setup_py']
[0.309s] Level 1:colcon.colcon_core.package_identification:_identify(src/sim_world_assets/models/hot_target) by extension 'python_setup_py'
[0.310s] Level 1:colcon.colcon_core.package_identification:_identify(src/sim_world_assets/models/ped_actor) by extensions ['ignore', 'ignore_ament_install']
[0.310s] Level 1:colcon.colcon_core.package_identification:_identify(src/sim_world_assets/models/ped_actor) by extension 'ignore'
[0.310s] Level 1:colcon.colcon_core.package_identification:_identify(src/sim_world_assets/models/ped_actor) by extension 'ignore_ament_install'
[0.310s] Level 1:colcon.colcon_core.package_identification:_identify(src/sim_world_assets/models/ped_actor) by extensions ['colcon_pkg']
[0.310s] Level 1:colcon.colcon_core.package_identification:_identify(src/sim_world_assets/models/ped_actor) by extension 'colcon_pkg'
[0.310s] Level 1:colcon.colcon_core.package_identification:_identify(src/sim_world_assets/models/ped_actor) by extensions ['colcon_meta']
[0.310s] Level 1:colcon.colcon_core.package_identification:_identify(src/sim_world_assets/models/ped_actor) by extension 'colcon_meta'
[0.310s] Level 1:colcon.colcon_core.package_identification:_identify(src/sim_world_assets/models/ped_actor) by extensions ['ros']
[0.310s] Level 1:colcon.colcon_core.package_identification:_identify(src/sim_world_assets/models/ped_actor) by extension 'ros'
[0.310s] Level 1:colcon.colcon_core.package_identification:_identify(src/sim_world_assets/models/ped_actor) by extensions ['cmake', 'python']
[0.310s] Level 1:colcon.colcon_core.package_identification:_identify(src/sim_world_assets/models/ped_actor) by extension 'cmake'
[0.310s] Level 1:colcon.colcon_core.package_identification:_identify(src/sim_world_assets/models/ped_actor) by extension 'python'
[0.310s] Level 1:colcon.colcon_core.package_identification:_identify(src/sim_world_assets/models/ped_actor) by extensions ['python_setup_py']
[0.310s] Level 1:colcon.colcon_core.package_identification:_identify(src/sim_world_assets/models/ped_actor) by extension 'python_setup_py'
[0.311s] Level 1:colcon.colcon_core.package_identification:_identify(src/sim_world_assets/worlds) by extensions ['ignore', 'ignore_ament_install']
[0.311s] Level 1:colcon.colcon_core.package_identification:_identify(src/sim_world_assets/worlds) by extension 'ignore'
[0.311s] Level 1:colcon.colcon_core.package_identification:_identify(src/sim_world_assets/worlds) by extension 'ignore_ament_install'
[0.311s] Level 1:colcon.colcon_core.package_identification:_identify(src/sim_world_assets/worlds) by extensions ['colcon_pkg']
[0.311s] Level 1:colcon.colcon_core.package_identification:_identify(src/sim_world_assets/worlds) by extension 'colcon_pkg'
[0.311s] Level 1:colcon.colcon_core.package_identification:_identify(src/sim_world_assets/worlds) by extensions ['colcon_meta']
[0.311s] Level 1:colcon.colcon_core.package_identification:_identify(src/sim_world_assets/worlds) by extension 'colcon_meta'
[0.311s] Level 1:colcon.colcon_core.package_identification:_identify(src/sim_world_assets/worlds) by extensions ['ros']
[0.311s] Level 1:colcon.colcon_core.package_identification:_identify(src/sim_world_assets/worlds) by extension 'ros'
[0.311s] Level 1:colcon.colcon_core.package_identification:_identify(src/sim_world_assets/worlds) by extensions ['cmake', 'python']
[0.311s] Level 1:colcon.colcon_core.package_identification:_identify(src/sim_world_assets/worlds) by extension 'cmake'
[0.311s] Level 1:colcon.colcon_core.package_identification:_identify(src/sim_world_assets/worlds) by extension 'python'
[0.311s] Level 1:colcon.colcon_core.package_identification:_identify(src/sim_world_assets/worlds) by extensions ['python_setup_py']
[0.311s] Level 1:colcon.colcon_core.package_identification:_identify(src/sim_world_assets/worlds) by extension 'python_setup_py'
[0.311s] Level 1:colcon.colcon_core.package_discovery:discover_packages(recursive) using defaults
[0.312s] Level 1:colcon.colcon_core.package_discovery:discover_packages(ignore) discover
[0.312s] Level 1:colcon.colcon_core.package_discovery:discover_packages(ignore) using defaults
[0.312s] Level 1:colcon.colcon_core.package_discovery:discover_packages(path) discover
[0.312s] Level 1:colcon.colcon_core.package_discovery:discover_packages(path) using defaults
[0.340s] Level 1:colcon.colcon_core.package_discovery:discover_packages(prefix_path) check parameters
[0.340s] Level 1:colcon.colcon_core.package_discovery:discover_packages(prefix_path) discover
[0.344s] DEBUG:colcon.colcon_installed_package_information.package_discovery:Found 386 installed packages in /opt/ros/jazzy
[0.345s] Level 1:colcon.colcon_core.package_discovery:discover_packages(prefix_path) using defaults
[0.385s] Level 5:colcon.colcon_core.verb:set package 'inspection_bringup' build argument 'cmake_args' from command line to 'None'
[0.385s] Level 5:colcon.colcon_core.verb:set package 'inspection_bringup' build argument 'cmake_target' from command line to 'None'
[0.385s] Level 5:colcon.colcon_core.verb:set package 'inspection_bringup' build argument 'cmake_target_skip_unavailable' from command line to 'False'
[0.385s] Level 5:colcon.colcon_core.verb:set package 'inspection_bringup' build argument 'cmake_clean_cache' from command line to 'False'
[0.385s] Level 5:colcon.colcon_core.verb:set package 'inspection_bringup' build argument 'cmake_clean_first' from command line to 'False'
[0.385s] Level 5:colcon.colcon_core.verb:set package 'inspection_bringup' build argument 'cmake_force_configure' from command line to 'False'
[0.385s] Level 5:colcon.colcon_core.verb:set package 'inspection_bringup' build argument 'ament_cmake_args' from command line to 'None'
[0.385s] Level 5:colcon.colcon_core.verb:set package 'inspection_bringup' build argument 'catkin_cmake_args' from command line to 'None'
[0.385s] Level 5:colcon.colcon_core.verb:set package 'inspection_bringup' build argument 'catkin_skip_building_tests' from command line to 'False'
[0.385s] DEBUG:colcon.colcon_core.verb:Building package 'inspection_bringup' with the following arguments: {'ament_cmake_args': None, 'build_base': '/home/vincent/gz/ws_inspect/build/inspection_bringup', 'catkin_cmake_args': None, 'catkin_skip_building_tests': False, 'cmake_args': None, 'cmake_clean_cache': False, 'cmake_clean_first': False, 'cmake_force_configure': False, 'cmake_target': None, 'cmake_target_skip_unavailable': False, 'install_base': '/home/vincent/gz/ws_inspect/install/inspection_bringup', 'merge_install': False, 'path': '/home/vincent/gz/ws_inspect/src/inspection_bringup', 'symlink_install': True, 'test_result_base': None}
[0.386s] Level 5:colcon.colcon_core.verb:set package 'inspection_mission' build argument 'cmake_args' from command line to 'None'
[0.386s] Level 5:colcon.colcon_core.verb:set package 'inspection_mission' build argument 'cmake_target' from command line to 'None'
[0.386s] Level 5:colcon.colcon_core.verb:set package 'inspection_mission' build argument 'cmake_target_skip_unavailable' from command line to 'False'
[0.386s] Level 5:colcon.colcon_core.verb:set package 'inspection_mission' build argument 'cmake_clean_cache' from command line to 'False'
[0.386s] Level 5:colcon.colcon_core.verb:set package 'inspection_mission' build argument 'cmake_clean_first' from command line to 'False'
[0.386s] Level 5:colcon.colcon_core.verb:set package 'inspection_mission' build argument 'cmake_force_configure' from command line to 'False'
[0.386s] Level 5:colcon.colcon_core.verb:set package 'inspection_mission' build argument 'ament_cmake_args' from command line to 'None'
[0.386s] Level 5:colcon.colcon_core.verb:set package 'inspection_mission' build argument 'catkin_cmake_args' from command line to 'None'
[0.386s] Level 5:colcon.colcon_core.verb:set package 'inspection_mission' build argument 'catkin_skip_building_tests' from command line to 'False'
[0.386s] DEBUG:colcon.colcon_core.verb:Building package 'inspection_mission' with the following arguments: {'ament_cmake_args': None, 'build_base': '/home/vincent/gz/ws_inspect/build/inspection_mission', 'catkin_cmake_args': None, 'catkin_skip_building_tests': False, 'cmake_args': None, 'cmake_clean_cache': False, 'cmake_clean_first': False, 'cmake_force_configure': False, 'cmake_target': None, 'cmake_target_skip_unavailable': False, 'install_base': '/home/vincent/gz/ws_inspect/install/inspection_mission', 'merge_install': False, 'path': '/home/vincent/gz/ws_inspect/src/inspection_mission', 'symlink_install': True, 'test_result_base': None}
[0.386s] Level 5:colcon.colcon_core.verb:set package 'inspection_thermal' build argument 'cmake_args' from command line to 'None'
[0.386s] Level 5:colcon.colcon_core.verb:set package 'inspection_thermal' build argument 'cmake_target' from command line to 'None'
[0.386s] Level 5:colcon.colcon_core.verb:set package 'inspection_thermal' build argument 'cmake_target_skip_unavailable' from command line to 'False'
[0.386s] Level 5:colcon.colcon_core.verb:set package 'inspection_thermal' build argument 'cmake_clean_cache' from command line to 'False'
[0.386s] Level 5:colcon.colcon_core.verb:set package 'inspection_thermal' build argument 'cmake_clean_first' from command line to 'False'
[0.386s] Level 5:colcon.colcon_core.verb:set package 'inspection_thermal' build argument 'cmake_force_configure' from command line to 'False'
[0.386s] Level 5:colcon.colcon_core.verb:set package 'inspection_thermal' build argument 'ament_cmake_args' from command line to 'None'
[0.386s] Level 5:colcon.colcon_core.verb:set package 'inspection_thermal' build argument 'catkin_cmake_args' from command line to 'None'
[0.386s] Level 5:colcon.colcon_core.verb:set package 'inspection_thermal' build argument 'catkin_skip_building_tests' from command line to 'False'
[0.386s] DEBUG:colcon.colcon_core.verb:Building package 'inspection_thermal' with the following arguments: {'ament_cmake_args': None, 'build_base': '/home/vincent/gz/ws_inspect/build/inspection_thermal', 'catkin_cmake_args': None, 'catkin_skip_building_tests': False, 'cmake_args': None, 'cmake_clean_cache': False, 'cmake_clean_first': False, 'cmake_force_configure': False, 'cmake_target': None, 'cmake_target_skip_unavailable': False, 'install_base': '/home/vincent/gz/ws_inspect/install/inspection_thermal', 'merge_install': False, 'path': '/home/vincent/gz/ws_inspect/src/inspection_thermal', 'symlink_install': True, 'test_result_base': None}
[0.386s] INFO:colcon.colcon_core.executor:Executing jobs using 'parallel' executor
[0.387s] DEBUG:colcon.colcon_parallel_executor.executor.parallel:run_until_complete
[0.387s] INFO:colcon.colcon_ros.task.ament_python.build:Building ROS package in '/home/vincent/gz/ws_inspect/src/inspection_bringup' with build type 'ament_python'
[0.387s] Level 1:colcon.colcon_core.shell:create_environment_hook('inspection_bringup', 'ament_prefix_path')
[0.397s] INFO:colcon.colcon_core.plugin_system:Skipping extension 'colcon_core.shell.bat': Not used on non-Windows systems
[0.398s] INFO:colcon.colcon_core.shell:Creating environment hook '/home/vincent/gz/ws_inspect/install/inspection_bringup/share/inspection_bringup/hook/ament_prefix_path.ps1'
[0.400s] INFO:colcon.colcon_core.shell:Creating environment descriptor '/home/vincent/gz/ws_inspect/install/inspection_bringup/share/inspection_bringup/hook/ament_prefix_path.dsv'
[0.401s] INFO:colcon.colcon_core.shell:Creating environment hook '/home/vincent/gz/ws_inspect/install/inspection_bringup/share/inspection_bringup/hook/ament_prefix_path.sh'
[0.402s] INFO:colcon.colcon_core.shell:Skip shell extension 'powershell' for command environment: Not usable outside of PowerShell
[0.402s] DEBUG:colcon.colcon_core.shell:Skip shell extension 'dsv' for command environment
[0.405s] INFO:colcon.colcon_ros.task.ament_python.build:Building ROS package in '/home/vincent/gz/ws_inspect/src/inspection_mission' with build type 'ament_python'
[0.405s] Level 1:colcon.colcon_core.shell:create_environment_hook('inspection_mission', 'ament_prefix_path')
[0.405s] INFO:colcon.colcon_core.shell:Creating environment hook '/home/vincent/gz/ws_inspect/install/inspection_mission/share/inspection_mission/hook/ament_prefix_path.ps1'
[0.407s] INFO:colcon.colcon_core.shell:Creating environment descriptor '/home/vincent/gz/ws_inspect/install/inspection_mission/share/inspection_mission/hook/ament_prefix_path.dsv'
[0.407s] INFO:colcon.colcon_core.shell:Creating environment hook '/home/vincent/gz/ws_inspect/install/inspection_mission/share/inspection_mission/hook/ament_prefix_path.sh'
[0.408s] INFO:colcon.colcon_core.shell:Skip shell extension 'powershell' for command environment: Not usable outside of PowerShell
[0.408s] DEBUG:colcon.colcon_core.shell:Skip shell extension 'dsv' for command environment
[0.589s] INFO:colcon.colcon_core.task.python.build:Building Python package in '/home/vincent/gz/ws_inspect/src/inspection_bringup'
[0.589s] INFO:colcon.colcon_core.shell:Skip shell extension 'powershell' for command environment: Not usable outside of PowerShell
[0.589s] DEBUG:colcon.colcon_core.shell:Skip shell extension 'dsv' for command environment
[0.780s] INFO:colcon.colcon_core.task.python.build:Building Python package in '/home/vincent/gz/ws_inspect/src/inspection_mission'
[0.781s] INFO:colcon.colcon_core.shell:Skip shell extension 'powershell' for command environment: Not usable outside of PowerShell
[0.781s] DEBUG:colcon.colcon_core.shell:Skip shell extension 'dsv' for command environment
[1.645s] DEBUG:colcon.colcon_core.event_handler.log_command:Invoking command in '/home/vincent/gz/ws_inspect/build/inspection_bringup': CONDA_PROMPT_MODIFIER=(ros2) PYTHONPATH=/home/vincent/gz/ws_inspect/build/inspection_bringup/prefix_override:/usr/lib/python3/dist-packages/colcon_core/task/python/colcon_distutils_commands:/home/vincent/gz/ws_inspect/install/inspection_bringup/lib/python3.12/site-packages:${PYTHONPATH} /usr/bin/python3 -W ignore:setup.py install is deprecated -W ignore:easy_install command is deprecated setup.py develop --editable --build-directory /home/vincent/gz/ws_inspect/build/inspection_bringup/build --no-deps symlink_data
[1.650s] DEBUG:colcon.colcon_core.event_handler.log_command:Invoking command in '/home/vincent/gz/ws_inspect/build/inspection_mission': CONDA_PROMPT_MODIFIER=(ros2) PYTHONPATH=/home/vincent/gz/ws_inspect/build/inspection_mission/prefix_override:/usr/lib/python3/dist-packages/colcon_core/task/python/colcon_distutils_commands:/home/vincent/gz/ws_inspect/install/inspection_mission/lib/python3.12/site-packages:${PYTHONPATH} /usr/bin/python3 -W ignore:setup.py install is deprecated -W ignore:easy_install command is deprecated setup.py develop --editable --build-directory /home/vincent/gz/ws_inspect/build/inspection_mission/build --no-deps symlink_data
[2.380s] Level 1:colcon.colcon_core.shell:create_environment_hook('inspection_bringup', 'pythonpath_develop')
[2.380s] INFO:colcon.colcon_core.shell:Creating environment hook '/home/vincent/gz/ws_inspect/build/inspection_bringup/share/inspection_bringup/hook/pythonpath_develop.ps1'
[2.381s] DEBUG:colcon.colcon_core.event_handler.log_command:Invoked command in '/home/vincent/gz/ws_inspect/build/inspection_bringup' returned '0': CONDA_PROMPT_MODIFIER=(ros2) PYTHONPATH=/home/vincent/gz/ws_inspect/build/inspection_bringup/prefix_override:/usr/lib/python3/dist-packages/colcon_core/task/python/colcon_distutils_commands:/home/vincent/gz/ws_inspect/install/inspection_bringup/lib/python3.12/site-packages:${PYTHONPATH} /usr/bin/python3 -W ignore:setup.py install is deprecated -W ignore:easy_install command is deprecated setup.py develop --editable --build-directory /home/vincent/gz/ws_inspect/build/inspection_bringup/build --no-deps symlink_data
[2.381s] INFO:colcon.colcon_core.shell:Creating environment descriptor '/home/vincent/gz/ws_inspect/build/inspection_bringup/share/inspection_bringup/hook/pythonpath_develop.dsv'
[2.382s] INFO:colcon.colcon_core.shell:Creating environment hook '/home/vincent/gz/ws_inspect/build/inspection_bringup/share/inspection_bringup/hook/pythonpath_develop.sh'
[2.388s] Level 1:colcon.colcon_core.environment:checking '/home/vincent/gz/ws_inspect/install/inspection_bringup' for CMake module files
[2.389s] Level 1:colcon.colcon_core.environment:checking '/home/vincent/gz/ws_inspect/install/inspection_bringup' for CMake config files
[2.390s] Level 1:colcon.colcon_core.environment:checking '/home/vincent/gz/ws_inspect/install/inspection_bringup/lib'
[2.390s] Level 1:colcon.colcon_core.environment:checking '/home/vincent/gz/ws_inspect/install/inspection_bringup/bin'
[2.390s] Level 1:colcon.colcon_core.environment:checking '/home/vincent/gz/ws_inspect/install/inspection_bringup/lib/pkgconfig/inspection_bringup.pc'
[2.390s] Level 1:colcon.colcon_core.environment:checking '/home/vincent/gz/ws_inspect/install/inspection_bringup/lib/python3.12/site-packages'
[2.390s] Level 1:colcon.colcon_core.shell:create_environment_hook('inspection_bringup', 'pythonpath')
[2.390s] INFO:colcon.colcon_core.shell:Creating environment hook '/home/vincent/gz/ws_inspect/install/inspection_bringup/share/inspection_bringup/hook/pythonpath.ps1'
[2.391s] INFO:colcon.colcon_core.shell:Creating environment descriptor '/home/vincent/gz/ws_inspect/install/inspection_bringup/share/inspection_bringup/hook/pythonpath.dsv'
[2.391s] INFO:colcon.colcon_core.shell:Creating environment hook '/home/vincent/gz/ws_inspect/install/inspection_bringup/share/inspection_bringup/hook/pythonpath.sh'
[2.392s] Level 1:colcon.colcon_core.environment:checking '/home/vincent/gz/ws_inspect/install/inspection_bringup/bin'
[2.392s] Level 1:colcon.colcon_core.environment:create_environment_scripts_only(inspection_bringup)
[2.392s] INFO:colcon.colcon_core.shell:Creating package script '/home/vincent/gz/ws_inspect/install/inspection_bringup/share/inspection_bringup/package.ps1'
[2.393s] INFO:colcon.colcon_core.shell:Creating package descriptor '/home/vincent/gz/ws_inspect/install/inspection_bringup/share/inspection_bringup/package.dsv'
[2.393s] INFO:colcon.colcon_core.shell:Creating package script '/home/vincent/gz/ws_inspect/install/inspection_bringup/share/inspection_bringup/package.sh'
[2.394s] INFO:colcon.colcon_core.shell:Creating package script '/home/vincent/gz/ws_inspect/install/inspection_bringup/share/inspection_bringup/package.bash'
[2.394s] INFO:colcon.colcon_core.shell:Creating package script '/home/vincent/gz/ws_inspect/install/inspection_bringup/share/inspection_bringup/package.zsh'
[2.395s] Level 1:colcon.colcon_core.environment:create_file_with_runtime_dependencies(/home/vincent/gz/ws_inspect/install/inspection_bringup/share/colcon-core/packages/inspection_bringup)
[2.396s] INFO:colcon.colcon_ros.task.ament_python.build:Building ROS package in '/home/vincent/gz/ws_inspect/src/inspection_thermal' with build type 'ament_python'
[2.396s] Level 1:colcon.colcon_core.shell:create_environment_hook('inspection_thermal', 'ament_prefix_path')
[2.396s] INFO:colcon.colcon_core.shell:Creating environment hook '/home/vincent/gz/ws_inspect/install/inspection_thermal/share/inspection_thermal/hook/ament_prefix_path.ps1'
[2.398s] INFO:colcon.colcon_core.shell:Creating environment descriptor '/home/vincent/gz/ws_inspect/install/inspection_thermal/share/inspection_thermal/hook/ament_prefix_path.dsv'
[2.398s] INFO:colcon.colcon_core.shell:Creating environment hook '/home/vincent/gz/ws_inspect/install/inspection_thermal/share/inspection_thermal/hook/ament_prefix_path.sh'
[2.399s] INFO:colcon.colcon_core.shell:Skip shell extension 'powershell' for command environment: Not usable outside of PowerShell
[2.399s] DEBUG:colcon.colcon_core.shell:Skip shell extension 'dsv' for command environment
[2.402s] Level 1:colcon.colcon_core.shell:create_environment_hook('inspection_mission', 'pythonpath_develop')
[2.402s] INFO:colcon.colcon_core.shell:Creating environment hook '/home/vincent/gz/ws_inspect/build/inspection_mission/src/share/inspection_mission/hook/pythonpath_develop.ps1'
[2.402s] DEBUG:colcon.colcon_core.event_handler.log_command:Invoked command in '/home/vincent/gz/ws_inspect/build/inspection_mission' returned '0': CONDA_PROMPT_MODIFIER=(ros2) PYTHONPATH=/home/vincent/gz/ws_inspect/build/inspection_mission/prefix_override:/usr/lib/python3/dist-packages/colcon_core/task/python/colcon_distutils_commands:/home/vincent/gz/ws_inspect/install/inspection_mission/lib/python3.12/site-packages:${PYTHONPATH} /usr/bin/python3 -W ignore:setup.py install is deprecated -W ignore:easy_install command is deprecated setup.py develop --editable --build-directory /home/vincent/gz/ws_inspect/build/inspection_mission/build --no-deps symlink_data
[2.404s] INFO:colcon.colcon_core.shell:Creating environment descriptor '/home/vincent/gz/ws_inspect/build/inspection_mission/src/share/inspection_mission/hook/pythonpath_develop.dsv'
[2.404s] INFO:colcon.colcon_core.shell:Creating environment hook '/home/vincent/gz/ws_inspect/build/inspection_mission/src/share/inspection_mission/hook/pythonpath_develop.sh'
[2.404s] Level 1:colcon.colcon_core.environment:checking '/home/vincent/gz/ws_inspect/install/inspection_mission' for CMake module files
[2.405s] Level 1:colcon.colcon_core.environment:checking '/home/vincent/gz/ws_inspect/install/inspection_mission' for CMake config files
[2.406s] Level 1:colcon.colcon_core.environment:checking '/home/vincent/gz/ws_inspect/install/inspection_mission/lib'
[2.406s] Level 1:colcon.colcon_core.environment:checking '/home/vincent/gz/ws_inspect/install/inspection_mission/bin'
[2.406s] Level 1:colcon.colcon_core.shell:create_environment_hook('inspection_mission', 'path')
[2.406s] INFO:colcon.colcon_core.shell:Creating environment hook '/home/vincent/gz/ws_inspect/install/inspection_mission/share/inspection_mission/hook/path.ps1'
[2.406s] INFO:colcon.colcon_core.shell:Creating environment descriptor '/home/vincent/gz/ws_inspect/install/inspection_mission/share/inspection_mission/hook/path.dsv'
[2.406s] INFO:colcon.colcon_core.shell:Creating environment hook '/home/vincent/gz/ws_inspect/install/inspection_mission/share/inspection_mission/hook/path.sh'
[2.407s] Level 1:colcon.colcon_core.environment:checking '/home/vincent/gz/ws_inspect/install/inspection_mission/lib/pkgconfig/inspection_mission.pc'
[2.407s] Level 1:colcon.colcon_core.environment:checking '/home/vincent/gz/ws_inspect/install/inspection_mission/lib/python3.12/site-packages'
[2.407s] Level 1:colcon.colcon_core.shell:create_environment_hook('inspection_mission', 'pythonpath')
[2.407s] INFO:colcon.colcon_core.shell:Creating environment hook '/home/vincent/gz/ws_inspect/install/inspection_mission/share/inspection_mission/hook/pythonpath.ps1'
[2.408s] INFO:colcon.colcon_core.shell:Creating environment descriptor '/home/vincent/gz/ws_inspect/install/inspection_mission/share/inspection_mission/hook/pythonpath.dsv'
[2.408s] INFO:colcon.colcon_core.shell:Creating environment hook '/home/vincent/gz/ws_inspect/install/inspection_mission/share/inspection_mission/hook/pythonpath.sh'
[2.408s] Level 1:colcon.colcon_core.environment:checking '/home/vincent/gz/ws_inspect/install/inspection_mission/bin'
[2.408s] Level 1:colcon.colcon_core.shell:create_environment_hook('inspection_mission', 'pythonscriptspath')
[2.408s] INFO:colcon.colcon_core.shell:Creating environment hook '/home/vincent/gz/ws_inspect/install/inspection_mission/share/inspection_mission/hook/pythonscriptspath.ps1'
[2.409s] INFO:colcon.colcon_core.shell:Creating environment descriptor '/home/vincent/gz/ws_inspect/install/inspection_mission/share/inspection_mission/hook/pythonscriptspath.dsv'
[2.409s] INFO:colcon.colcon_core.shell:Creating environment hook '/home/vincent/gz/ws_inspect/install/inspection_mission/share/inspection_mission/hook/pythonscriptspath.sh'
[2.409s] Level 1:colcon.colcon_core.environment:create_environment_scripts_only(inspection_mission)
[2.410s] INFO:colcon.colcon_core.shell:Creating package script '/home/vincent/gz/ws_inspect/install/inspection_mission/share/inspection_mission/package.ps1'
[2.410s] INFO:colcon.colcon_core.shell:Creating package descriptor '/home/vincent/gz/ws_inspect/install/inspection_mission/share/inspection_mission/package.dsv'
[2.410s] INFO:colcon.colcon_core.shell:Creating package script '/home/vincent/gz/ws_inspect/install/inspection_mission/share/inspection_mission/package.sh'
[2.411s] INFO:colcon.colcon_core.shell:Creating package script '/home/vincent/gz/ws_inspect/install/inspection_mission/share/inspection_mission/package.bash'
[2.411s] INFO:colcon.colcon_core.shell:Creating package script '/home/vincent/gz/ws_inspect/install/inspection_mission/share/inspection_mission/package.zsh'
[2.411s] Level 1:colcon.colcon_core.environment:create_file_with_runtime_dependencies(/home/vincent/gz/ws_inspect/install/inspection_mission/share/colcon-core/packages/inspection_mission)
[2.587s] INFO:colcon.colcon_core.task.python.build:Building Python package in '/home/vincent/gz/ws_inspect/src/inspection_thermal'
[2.587s] INFO:colcon.colcon_core.shell:Skip shell extension 'powershell' for command environment: Not usable outside of PowerShell
[2.587s] DEBUG:colcon.colcon_core.shell:Skip shell extension 'dsv' for command environment
[3.082s] DEBUG:colcon.colcon_core.event_handler.log_command:Invoking command in '/home/vincent/gz/ws_inspect/build/inspection_thermal': CONDA_PROMPT_MODIFIER=(ros2) PYTHONPATH=/home/vincent/gz/ws_inspect/build/inspection_thermal/prefix_override:/usr/lib/python3/dist-packages/colcon_core/task/python/colcon_distutils_commands:/home/vincent/gz/ws_inspect/install/inspection_thermal/lib/python3.12/site-packages:${PYTHONPATH} /usr/bin/python3 -W ignore:setup.py install is deprecated -W ignore:easy_install command is deprecated setup.py develop --editable --build-directory /home/vincent/gz/ws_inspect/build/inspection_thermal/build --no-deps symlink_data
[3.719s] Level 1:colcon.colcon_core.shell:create_environment_hook('inspection_thermal', 'pythonpath_develop')
[3.720s] INFO:colcon.colcon_core.shell:Creating environment hook '/home/vincent/gz/ws_inspect/build/inspection_thermal/src/share/inspection_thermal/hook/pythonpath_develop.ps1'
[3.720s] DEBUG:colcon.colcon_core.event_handler.log_command:Invoked command in '/home/vincent/gz/ws_inspect/build/inspection_thermal' returned '0': CONDA_PROMPT_MODIFIER=(ros2) PYTHONPATH=/home/vincent/gz/ws_inspect/build/inspection_thermal/prefix_override:/usr/lib/python3/dist-packages/colcon_core/task/python/colcon_distutils_commands:/home/vincent/gz/ws_inspect/install/inspection_thermal/lib/python3.12/site-packages:${PYTHONPATH} /usr/bin/python3 -W ignore:setup.py install is deprecated -W ignore:easy_install command is deprecated setup.py develop --editable --build-directory /home/vincent/gz/ws_inspect/build/inspection_thermal/build --no-deps symlink_data
[3.722s] INFO:colcon.colcon_core.shell:Creating environment descriptor '/home/vincent/gz/ws_inspect/build/inspection_thermal/src/share/inspection_thermal/hook/pythonpath_develop.dsv'
[3.722s] INFO:colcon.colcon_core.shell:Creating environment hook '/home/vincent/gz/ws_inspect/build/inspection_thermal/src/share/inspection_thermal/hook/pythonpath_develop.sh'
[3.723s] Level 1:colcon.colcon_core.environment:checking '/home/vincent/gz/ws_inspect/install/inspection_thermal' for CMake module files
[3.723s] Level 1:colcon.colcon_core.environment:checking '/home/vincent/gz/ws_inspect/install/inspection_thermal' for CMake config files
[3.725s] Level 1:colcon.colcon_core.environment:checking '/home/vincent/gz/ws_inspect/install/inspection_thermal/lib'
[3.725s] Level 1:colcon.colcon_core.environment:checking '/home/vincent/gz/ws_inspect/install/inspection_thermal/bin'
[3.725s] Level 1:colcon.colcon_core.shell:create_environment_hook('inspection_thermal', 'path')
[3.725s] INFO:colcon.colcon_core.shell:Creating environment hook '/home/vincent/gz/ws_inspect/install/inspection_thermal/share/inspection_thermal/hook/path.ps1'
[3.725s] INFO:colcon.colcon_core.shell:Creating environment descriptor '/home/vincent/gz/ws_inspect/install/inspection_thermal/share/inspection_thermal/hook/path.dsv'
[3.725s] INFO:colcon.colcon_core.shell:Creating environment hook '/home/vincent/gz/ws_inspect/install/inspection_thermal/share/inspection_thermal/hook/path.sh'
[3.726s] Level 1:colcon.colcon_core.environment:checking '/home/vincent/gz/ws_inspect/install/inspection_thermal/lib/pkgconfig/inspection_thermal.pc'
[3.726s] Level 1:colcon.colcon_core.environment:checking '/home/vincent/gz/ws_inspect/install/inspection_thermal/lib/python3.12/site-packages'
[3.726s] Level 1:colcon.colcon_core.shell:create_environment_hook('inspection_thermal', 'pythonpath')
[3.726s] INFO:colcon.colcon_core.shell:Creating environment hook '/home/vincent/gz/ws_inspect/install/inspection_thermal/share/inspection_thermal/hook/pythonpath.ps1'
[3.726s] INFO:colcon.colcon_core.shell:Creating environment descriptor '/home/vincent/gz/ws_inspect/install/inspection_thermal/share/inspection_thermal/hook/pythonpath.dsv'
[3.727s] INFO:colcon.colcon_core.shell:Creating environment hook '/home/vincent/gz/ws_inspect/install/inspection_thermal/share/inspection_thermal/hook/pythonpath.sh'
[3.727s] Level 1:colcon.colcon_core.environment:checking '/home/vincent/gz/ws_inspect/install/inspection_thermal/bin'
[3.727s] Level 1:colcon.colcon_core.shell:create_environment_hook('inspection_thermal', 'pythonscriptspath')
[3.727s] INFO:colcon.colcon_core.shell:Creating environment hook '/home/vincent/gz/ws_inspect/install/inspection_thermal/share/inspection_thermal/hook/pythonscriptspath.ps1'
[3.728s] INFO:colcon.colcon_core.shell:Creating environment descriptor '/home/vincent/gz/ws_inspect/install/inspection_thermal/share/inspection_thermal/hook/pythonscriptspath.dsv'
[3.728s] INFO:colcon.colcon_core.shell:Creating environment hook '/home/vincent/gz/ws_inspect/install/inspection_thermal/share/inspection_thermal/hook/pythonscriptspath.sh'
[3.728s] Level 1:colcon.colcon_core.environment:create_environment_scripts_only(inspection_thermal)
[3.728s] INFO:colcon.colcon_core.shell:Creating package script '/home/vincent/gz/ws_inspect/install/inspection_thermal/share/inspection_thermal/package.ps1'
[3.729s] INFO:colcon.colcon_core.shell:Creating package descriptor '/home/vincent/gz/ws_inspect/install/inspection_thermal/share/inspection_thermal/package.dsv'
[3.729s] INFO:colcon.colcon_core.shell:Creating package script '/home/vincent/gz/ws_inspect/install/inspection_thermal/share/inspection_thermal/package.sh'
[3.730s] INFO:colcon.colcon_core.shell:Creating package script '/home/vincent/gz/ws_inspect/install/inspection_thermal/share/inspection_thermal/package.bash'
[3.730s] INFO:colcon.colcon_core.shell:Creating package script '/home/vincent/gz/ws_inspect/install/inspection_thermal/share/inspection_thermal/package.zsh'
[3.730s] Level 1:colcon.colcon_core.environment:create_file_with_runtime_dependencies(/home/vincent/gz/ws_inspect/install/inspection_thermal/share/colcon-core/packages/inspection_thermal)
[3.730s] DEBUG:colcon.colcon_parallel_executor.executor.parallel:closing loop
[3.731s] DEBUG:colcon.colcon_parallel_executor.executor.parallel:loop closed
[3.731s] DEBUG:colcon.colcon_parallel_executor.executor.parallel:run_until_complete finished with '0'
[3.731s] DEBUG:colcon.colcon_core.event_reactor:joining thread
[3.760s] INFO:colcon.colcon_core.plugin_system:Skipping extension 'colcon_notification.desktop_notification.notify_send': Could not find 'notify-send'
[3.760s] INFO:colcon.colcon_core.plugin_system:Skipping extension 'colcon_notification.desktop_notification.terminal_notifier': Not used on non-Darwin systems
[3.760s] INFO:colcon.colcon_core.plugin_system:Skipping extension 'colcon_notification.desktop_notification.win32': Not used on non-Windows systems
[3.760s] INFO:colcon.colcon_notification.desktop_notification:Sending desktop notification using 'notify2'
[3.784s] DEBUG:colcon.colcon_notification.desktop_notification.notify2:Failed to initialize notify2: org.freedesktop.DBus.Error.ServiceUnknown: The name org.freedesktop.Notifications was not provided by any .service files
[3.784s] DEBUG:colcon.colcon_core.event_reactor:joined thread
[3.785s] INFO:colcon.colcon_core.shell:Creating prefix script '/home/vincent/gz/ws_inspect/install/local_setup.ps1'
[3.785s] INFO:colcon.colcon_core.shell:Creating prefix util module '/home/vincent/gz/ws_inspect/install/_local_setup_util_ps1.py'
[3.787s] INFO:colcon.colcon_core.shell:Creating prefix chain script '/home/vincent/gz/ws_inspect/install/setup.ps1'
[3.787s] INFO:colcon.colcon_core.shell:Creating prefix script '/home/vincent/gz/ws_inspect/install/local_setup.sh'
[3.788s] INFO:colcon.colcon_core.shell:Creating prefix util module '/home/vincent/gz/ws_inspect/install/_local_setup_util_sh.py'
[3.788s] INFO:colcon.colcon_core.shell:Creating prefix chain script '/home/vincent/gz/ws_inspect/install/setup.sh'
[3.789s] INFO:colcon.colcon_core.shell:Creating prefix script '/home/vincent/gz/ws_inspect/install/local_setup.bash'
[3.790s] INFO:colcon.colcon_core.shell:Creating prefix chain script '/home/vincent/gz/ws_inspect/install/setup.bash'
[3.791s] INFO:colcon.colcon_core.shell:Creating prefix script '/home/vincent/gz/ws_inspect/install/local_setup.zsh'
[3.792s] INFO:colcon.colcon_core.shell:Creating prefix chain script '/home/vincent/gz/ws_inspect/install/setup.zsh'
